[0.044s] DEBUG:colcon:Command line arguments: ['/usr/bin/colcon', 'build', '--symlink-install']
[0.044s] DEBUG:colcon:Parsed command line arguments: Namespace(log_base=None, log_level=None, verb_name='build', build_base='build', install_base='install', merge_install=False, symlink_install=True, test_result_base=None, continue_on_error=False, executor='parallel', parallel_workers=20, event_handlers=None, ignore_user_meta=False, metas=['./colcon.meta'], base_paths=['.'], packages_ignore=None, packages_ignore_regex=None, paths=None, packages_up_to=None, packages_up_to_regex=None, packages_above=None, packages_above_and_dependencies=None, packages_above_depth=None, packages_select_by_dep=None, packages_skip_by_dep=None, packages_skip_up_to=None, packages_select_build_failed=False, packages_skip_build_finished=False, packages_select_test_failures=False, packages_skip_test_passed=False, packages_select=None, packages_skip=None, packages_select_regex=None, packages_skip_regex=None, packages_start=None, packages_end=None, allow_overriding=[], cmake_args=None, cmake_target=None, cmake_target_skip_unavailable=False, cmake_clean_cache=False, cmake_clean_first=False, cmake_force_configure=False, ament_cmake_args=None, catkin_cmake_args=None, catkin_skip_building_tests=False, verb_parser=<colcon_defaults.argument_parser.defaults.DefaultArgumentsDecorator object at 0x74e72a968070>, verb_extension=<colcon_core.verb.build.BuildVerb object at 0x74e72a927b20>, main=<bound method BuildVerb.main of <colcon_core.verb.build.BuildVerb object at 0x74e72a927b20>>)
[0.104s] Level 1:colcon.colcon_core.package_discovery:discover_packages(colcon_meta) check parameters
[0.104s] Level 1:colcon.colcon_core.package_discovery:discover_packages(recursive) check parameters
[0.104s] Level 1:colcon.colcon_core.package_discovery:discover_packages(ignore) check parameters
[0.104s] Level 1:colcon.colcon_core.package_discovery:discover_packages(path) check parameters
[0.104s] Level 1:colcon.colcon_core.package_discovery:discover_packages(colcon_meta) discover
[0.104s] Level 1:colcon.colcon_core.package_discovery:discover_packages(recursive) discover
[0.104s] INFO:colcon.colcon_core.package_discovery:Crawling recursively for packages in '/home/cita/ros2_practice/hesai_lidar_ws'
[0.105s] Level 1:colcon.colcon_core.package_identification:_identify(.) by extensions ['ignore', 'ignore_ament_install']
[0.105s] Level 1:colcon.colcon_core.package_identification:_identify(.) by extension 'ignore'
[0.105s] Level 1:colcon.colcon_core.package_identification:_identify(.) by extension 'ignore_ament_install'
[0.105s] Level 1:colcon.colcon_core.package_identification:_identify(.) by extensions ['colcon_pkg']
[0.105s] Level 1:colcon.colcon_core.package_identification:_identify(.) by extension 'colcon_pkg'
[0.105s] Level 1:colcon.colcon_core.package_identification:_identify(.) by extensions ['colcon_meta']
[0.105s] Level 1:colcon.colcon_core.package_identification:_identify(.) by extension 'colcon_meta'
[0.105s] Level 1:colcon.colcon_core.package_identification:_identify(.) by extensions ['ros']
[0.105s] Level 1:colcon.colcon_core.package_identification:_identify(.) by extension 'ros'
[0.123s] DEBUG:colcon.colcon_core.package_identification:Package '.' with type 'ros.ament_cmake' and name 'hesai_ros_driver'
[0.123s] Level 1:colcon.colcon_core.package_discovery:discover_packages(recursive) using defaults
[0.123s] Level 1:colcon.colcon_core.package_discovery:discover_packages(ignore) discover
[0.124s] Level 1:colcon.colcon_core.package_discovery:discover_packages(ignore) using defaults
[0.124s] Level 1:colcon.colcon_core.package_discovery:discover_packages(path) discover
[0.124s] Level 1:colcon.colcon_core.package_discovery:discover_packages(path) using defaults
[0.133s] Level 1:colcon.colcon_core.package_discovery:discover_packages(prefix_path) check parameters
[0.133s] Level 1:colcon.colcon_core.package_discovery:discover_packages(prefix_path) discover
[0.134s] DEBUG:colcon.colcon_installed_package_information.package_discovery:Found 1 installed packages in /home/cita/ros2_practice/hesai_lidar_ws/install
[0.135s] DEBUG:colcon.colcon_installed_package_information.package_discovery:Found 368 installed packages in /opt/ros/humble
[0.135s] Level 1:colcon.colcon_core.package_discovery:discover_packages(prefix_path) using defaults
[0.153s] Level 5:colcon.colcon_core.verb:set package 'hesai_ros_driver' build argument 'cmake_args' from command line to 'None'
[0.153s] Level 5:colcon.colcon_core.verb:set package 'hesai_ros_driver' build argument 'cmake_target' from command line to 'None'
[0.153s] Level 5:colcon.colcon_core.verb:set package 'hesai_ros_driver' build argument 'cmake_target_skip_unavailable' from command line to 'False'
[0.153s] Level 5:colcon.colcon_core.verb:set package 'hesai_ros_driver' build argument 'cmake_clean_cache' from command line to 'False'
[0.153s] Level 5:colcon.colcon_core.verb:set package 'hesai_ros_driver' build argument 'cmake_clean_first' from command line to 'False'
[0.153s] Level 5:colcon.colcon_core.verb:set package 'hesai_ros_driver' build argument 'cmake_force_configure' from command line to 'False'
[0.153s] Level 5:colcon.colcon_core.verb:set package 'hesai_ros_driver' build argument 'ament_cmake_args' from command line to 'None'
[0.153s] Level 5:colcon.colcon_core.verb:set package 'hesai_ros_driver' build argument 'catkin_cmake_args' from command line to 'None'
[0.153s] Level 5:colcon.colcon_core.verb:set package 'hesai_ros_driver' build argument 'catkin_skip_building_tests' from command line to 'False'
[0.153s] DEBUG:colcon.colcon_core.verb:Building package 'hesai_ros_driver' with the following arguments: {'ament_cmake_args': None, 'build_base': '/home/cita/ros2_practice/hesai_lidar_ws/build/hesai_ros_driver', 'catkin_cmake_args': None, 'catkin_skip_building_tests': False, 'cmake_args': None, 'cmake_clean_cache': False, 'cmake_clean_first': False, 'cmake_force_configure': False, 'cmake_target': None, 'cmake_target_skip_unavailable': False, 'install_base': '/home/cita/ros2_practice/hesai_lidar_ws/install/hesai_ros_driver', 'merge_install': False, 'path': '/home/cita/ros2_practice/hesai_lidar_ws', 'symlink_install': True, 'test_result_base': None}
[0.153s] INFO:colcon.colcon_core.executor:Executing jobs using 'parallel' executor
[0.154s] DEBUG:colcon.colcon_parallel_executor.executor.parallel:run_until_complete
[0.154s] INFO:colcon.colcon_ros.task.ament_cmake.build:Building ROS package in '/home/cita/ros2_practice/hesai_lidar_ws' with build type 'ament_cmake'
[0.154s] INFO:colcon.colcon_cmake.task.cmake.build:Building CMake package in '/home/cita/ros2_practice/hesai_lidar_ws'
[0.155s] INFO:colcon.colcon_core.plugin_system:Skipping extension 'colcon_core.shell.bat': Not used on non-Windows systems
[0.155s] INFO:colcon.colcon_core.shell:Skip shell extension 'powershell' for command environment: Not usable outside of PowerShell
[0.155s] DEBUG:colcon.colcon_core.shell:Skip shell extension 'dsv' for command environment
[0.161s] DEBUG:colcon.colcon_core.event_handler.log_command:Invoking command in '/home/cita/ros2_practice/hesai_lidar_ws/build/hesai_ros_driver': CMAKE_PREFIX_PATH=/opt/ros/humble /usr/bin/cmake /home/cita/ros2_practice/hesai_lidar_ws -DAMENT_CMAKE_SYMLINK_INSTALL=1 -DCMAKE_INSTALL_PREFIX=/home/cita/ros2_practice/hesai_lidar_ws/install/hesai_ros_driver
[0.929s] DEBUG:colcon.colcon_core.event_handler.log_command:Invoked command in '/home/cita/ros2_practice/hesai_lidar_ws/build/hesai_ros_driver' returned '0': CMAKE_PREFIX_PATH=/opt/ros/humble /usr/bin/cmake /home/cita/ros2_practice/hesai_lidar_ws -DAMENT_CMAKE_SYMLINK_INSTALL=1 -DCMAKE_INSTALL_PREFIX=/home/cita/ros2_practice/hesai_lidar_ws/install/hesai_ros_driver
[0.931s] DEBUG:colcon.colcon_core.event_handler.log_command:Invoking command in '/home/cita/ros2_practice/hesai_lidar_ws/build/hesai_ros_driver': CMAKE_PREFIX_PATH=/opt/ros/humble /usr/bin/cmake --build /home/cita/ros2_practice/hesai_lidar_ws/build/hesai_ros_driver -- -j20 -l20
[21.100s] DEBUG:colcon.colcon_core.event_handler.log_command:Invoked command in '/home/cita/ros2_practice/hesai_lidar_ws/build/hesai_ros_driver' returned '0': CMAKE_PREFIX_PATH=/opt/ros/humble /usr/bin/cmake --build /home/cita/ros2_practice/hesai_lidar_ws/build/hesai_ros_driver -- -j20 -l20
[21.108s] DEBUG:colcon.colcon_core.event_handler.log_command:Invoking command in '/home/cita/ros2_practice/hesai_lidar_ws/build/hesai_ros_driver': CMAKE_PREFIX_PATH=/opt/ros/humble /usr/bin/cmake --install /home/cita/ros2_practice/hesai_lidar_ws/build/hesai_ros_driver
[21.904s] Level 1:colcon.colcon_core.environment:create_environment_scripts_only(hesai_ros_driver)
[21.905s] DEBUG:colcon.colcon_core.event_handler.log_command:Invoked command in '/home/cita/ros2_practice/hesai_lidar_ws/build/hesai_ros_driver' returned '0': CMAKE_PREFIX_PATH=/opt/ros/humble /usr/bin/cmake --install /home/cita/ros2_practice/hesai_lidar_ws/build/hesai_ros_driver
[21.907s] Level 1:colcon.colcon_core.environment:checking '/home/cita/ros2_practice/hesai_lidar_ws/install/hesai_ros_driver' for CMake module files
[21.907s] Level 1:colcon.colcon_core.environment:checking '/home/cita/ros2_practice/hesai_lidar_ws/install/hesai_ros_driver' for CMake config files
[21.908s] Level 1:colcon.colcon_core.shell:create_environment_hook('hesai_ros_driver', 'cmake_prefix_path')
[21.908s] INFO:colcon.colcon_core.shell:Creating environment hook '/home/cita/ros2_practice/hesai_lidar_ws/install/hesai_ros_driver/share/hesai_ros_driver/hook/cmake_prefix_path.ps1'
[21.909s] INFO:colcon.colcon_core.shell:Creating environment descriptor '/home/cita/ros2_practice/hesai_lidar_ws/install/hesai_ros_driver/share/hesai_ros_driver/hook/cmake_prefix_path.dsv'
[21.909s] INFO:colcon.colcon_core.shell:Creating environment hook '/home/cita/ros2_practice/hesai_lidar_ws/install/hesai_ros_driver/share/hesai_ros_driver/hook/cmake_prefix_path.sh'
[21.909s] Level 1:colcon.colcon_core.environment:checking '/home/cita/ros2_practice/hesai_lidar_ws/install/hesai_ros_driver/lib'
[21.910s] Level 1:colcon.colcon_core.shell:create_environment_hook('hesai_ros_driver', 'ld_library_path_lib')
[21.910s] INFO:colcon.colcon_core.shell:Creating environment hook '/home/cita/ros2_practice/hesai_lidar_ws/install/hesai_ros_driver/share/hesai_ros_driver/hook/ld_library_path_lib.ps1'
[21.910s] INFO:colcon.colcon_core.shell:Creating environment descriptor '/home/cita/ros2_practice/hesai_lidar_ws/install/hesai_ros_driver/share/hesai_ros_driver/hook/ld_library_path_lib.dsv'
[21.910s] INFO:colcon.colcon_core.shell:Creating environment hook '/home/cita/ros2_practice/hesai_lidar_ws/install/hesai_ros_driver/share/hesai_ros_driver/hook/ld_library_path_lib.sh'
[21.910s] Level 1:colcon.colcon_core.environment:checking '/home/cita/ros2_practice/hesai_lidar_ws/install/hesai_ros_driver/bin'
[21.910s] Level 1:colcon.colcon_core.environment:checking '/home/cita/ros2_practice/hesai_lidar_ws/install/hesai_ros_driver/lib/pkgconfig/hesai_ros_driver.pc'
[21.910s] Level 1:colcon.colcon_core.environment:checking '/home/cita/ros2_practice/hesai_lidar_ws/install/hesai_ros_driver/lib/python3.10/site-packages'
[21.911s] Level 1:colcon.colcon_core.environment:checking '/home/cita/ros2_practice/hesai_lidar_ws/install/hesai_ros_driver/bin'
[21.911s] INFO:colcon.colcon_core.shell:Creating package script '/home/cita/ros2_practice/hesai_lidar_ws/install/hesai_ros_driver/share/hesai_ros_driver/package.ps1'
[21.911s] INFO:colcon.colcon_core.shell:Creating package descriptor '/home/cita/ros2_practice/hesai_lidar_ws/install/hesai_ros_driver/share/hesai_ros_driver/package.dsv'
[21.912s] INFO:colcon.colcon_core.shell:Creating package script '/home/cita/ros2_practice/hesai_lidar_ws/install/hesai_ros_driver/share/hesai_ros_driver/package.sh'
[21.912s] INFO:colcon.colcon_core.shell:Creating package script '/home/cita/ros2_practice/hesai_lidar_ws/install/hesai_ros_driver/share/hesai_ros_driver/package.bash'
[21.912s] INFO:colcon.colcon_core.shell:Creating package script '/home/cita/ros2_practice/hesai_lidar_ws/install/hesai_ros_driver/share/hesai_ros_driver/package.zsh'
[21.913s] Level 1:colcon.colcon_core.environment:create_file_with_runtime_dependencies(/home/cita/ros2_practice/hesai_lidar_ws/install/hesai_ros_driver/share/colcon-core/packages/hesai_ros_driver)
[21.913s] Level 1:colcon.colcon_core.environment:create_environment_scripts_only(hesai_ros_driver)
[21.913s] Level 1:colcon.colcon_core.environment:checking '/home/cita/ros2_practice/hesai_lidar_ws/install/hesai_ros_driver' for CMake module files
[21.914s] Level 1:colcon.colcon_core.environment:checking '/home/cita/ros2_practice/hesai_lidar_ws/install/hesai_ros_driver' for CMake config files
[21.914s] Level 1:colcon.colcon_core.shell:create_environment_hook('hesai_ros_driver', 'cmake_prefix_path')
[21.914s] INFO:colcon.colcon_core.shell:Creating environment hook '/home/cita/ros2_practice/hesai_lidar_ws/install/hesai_ros_driver/share/hesai_ros_driver/hook/cmake_prefix_path.ps1'
[21.915s] INFO:colcon.colcon_core.shell:Creating environment descriptor '/home/cita/ros2_practice/hesai_lidar_ws/install/hesai_ros_driver/share/hesai_ros_driver/hook/cmake_prefix_path.dsv'
[21.915s] INFO:colcon.colcon_core.shell:Creating environment hook '/home/cita/ros2_practice/hesai_lidar_ws/install/hesai_ros_driver/share/hesai_ros_driver/hook/cmake_prefix_path.sh'
[21.915s] Level 1:colcon.colcon_core.environment:checking '/home/cita/ros2_practice/hesai_lidar_ws/install/hesai_ros_driver/lib'
[21.915s] Level 1:colcon.colcon_core.shell:create_environment_hook('hesai_ros_driver', 'ld_library_path_lib')
[21.915s] INFO:colcon.colcon_core.shell:Creating environment hook '/home/cita/ros2_practice/hesai_lidar_ws/install/hesai_ros_driver/share/hesai_ros_driver/hook/ld_library_path_lib.ps1'
[21.916s] INFO:colcon.colcon_core.shell:Creating environment descriptor '/home/cita/ros2_practice/hesai_lidar_ws/install/hesai_ros_driver/share/hesai_ros_driver/hook/ld_library_path_lib.dsv'
[21.916s] INFO:colcon.colcon_core.shell:Creating environment hook '/home/cita/ros2_practice/hesai_lidar_ws/install/hesai_ros_driver/share/hesai_ros_driver/hook/ld_library_path_lib.sh'
[21.916s] Level 1:colcon.colcon_core.environment:checking '/home/cita/ros2_practice/hesai_lidar_ws/install/hesai_ros_driver/bin'
[21.916s] Level 1:colcon.colcon_core.environment:checking '/home/cita/ros2_practice/hesai_lidar_ws/install/hesai_ros_driver/lib/pkgconfig/hesai_ros_driver.pc'
[21.916s] Level 1:colcon.colcon_core.environment:checking '/home/cita/ros2_practice/hesai_lidar_ws/install/hesai_ros_driver/lib/python3.10/site-packages'
[21.917s] Level 1:colcon.colcon_core.environment:checking '/home/cita/ros2_practice/hesai_lidar_ws/install/hesai_ros_driver/bin'
[21.917s] INFO:colcon.colcon_core.shell:Creating package script '/home/cita/ros2_practice/hesai_lidar_ws/install/hesai_ros_driver/share/hesai_ros_driver/package.ps1'
[21.917s] INFO:colcon.colcon_core.shell:Creating package descriptor '/home/cita/ros2_practice/hesai_lidar_ws/install/hesai_ros_driver/share/hesai_ros_driver/package.dsv'
[21.917s] INFO:colcon.colcon_core.shell:Creating package script '/home/cita/ros2_practice/hesai_lidar_ws/install/hesai_ros_driver/share/hesai_ros_driver/package.sh'
[21.918s] INFO:colcon.colcon_core.shell:Creating package script '/home/cita/ros2_practice/hesai_lidar_ws/install/hesai_ros_driver/share/hesai_ros_driver/package.bash'
[21.918s] INFO:colcon.colcon_core.shell:Creating package script '/home/cita/ros2_practice/hesai_lidar_ws/install/hesai_ros_driver/share/hesai_ros_driver/package.zsh'
[21.918s] Level 1:colcon.colcon_core.environment:create_file_with_runtime_dependencies(/home/cita/ros2_practice/hesai_lidar_ws/install/hesai_ros_driver/share/colcon-core/packages/hesai_ros_driver)
[21.918s] DEBUG:colcon.colcon_parallel_executor.executor.parallel:closing loop
[21.918s] DEBUG:colcon.colcon_parallel_executor.executor.parallel:loop closed
[21.918s] DEBUG:colcon.colcon_parallel_executor.executor.parallel:run_until_complete finished with '0'
[21.918s] DEBUG:colcon.colcon_core.event_reactor:joining thread
[21.921s] INFO:colcon.colcon_core.plugin_system:Skipping extension 'colcon_notification.desktop_notification.terminal_notifier': Not used on non-Darwin systems
[21.921s] INFO:colcon.colcon_core.plugin_system:Skipping extension 'colcon_notification.desktop_notification.win32': Not used on non-Windows systems
[21.921s] INFO:colcon.colcon_notification.desktop_notification:Sending desktop notification using 'notify2'
[21.929s] DEBUG:colcon.colcon_core.event_reactor:joined thread
[21.929s] INFO:colcon.colcon_core.shell:Creating prefix script '/home/cita/ros2_practice/hesai_lidar_ws/install/local_setup.ps1'
[21.930s] INFO:colcon.colcon_core.shell:Creating prefix util module '/home/cita/ros2_practice/hesai_lidar_ws/install/_local_setup_util_ps1.py'
[21.930s] INFO:colcon.colcon_core.shell:Creating prefix chain script '/home/cita/ros2_practice/hesai_lidar_ws/install/setup.ps1'
[21.931s] INFO:colcon.colcon_core.shell:Creating prefix script '/home/cita/ros2_practice/hesai_lidar_ws/install/local_setup.sh'
[21.931s] INFO:colcon.colcon_core.shell:Creating prefix util module '/home/cita/ros2_practice/hesai_lidar_ws/install/_local_setup_util_sh.py'
[21.932s] INFO:colcon.colcon_core.shell:Creating prefix chain script '/home/cita/ros2_practice/hesai_lidar_ws/install/setup.sh'
[21.932s] INFO:colcon.colcon_core.shell:Creating prefix script '/home/cita/ros2_practice/hesai_lidar_ws/install/local_setup.bash'
[21.932s] INFO:colcon.colcon_core.shell:Creating prefix chain script '/home/cita/ros2_practice/hesai_lidar_ws/install/setup.bash'
[21.933s] INFO:colcon.colcon_core.shell:Creating prefix script '/home/cita/ros2_practice/hesai_lidar_ws/install/local_setup.zsh'
[21.933s] INFO:colcon.colcon_core.shell:Creating prefix chain script '/home/cita/ros2_practice/hesai_lidar_ws/install/setup.zsh'
