-- cuda not found!
-- Override CMake install command with custom implementation using symlinks instead of copying resources
-- Found rosidl_generator_c: 3.1.6 (/opt/ros/humble/share/rosidl_generator_c/cmake)
-- Found rosidl_adapter: 3.1.6 (/opt/ros/humble/share/rosidl_adapter/cmake)
-- Found rosidl_generator_cpp: 3.1.6 (/opt/ros/humble/share/rosidl_generator_cpp/cmake)
-- Using all available rosidl_typesupport_c: rosidl_typesupport_fastrtps_c;rosidl_typesupport_introspection_c
-- Using all available rosidl_typesupport_cpp: rosidl_typesupport_fastrtps_cpp;rosidl_typesupport_introspection_cpp
-- Found rmw_implementation_cmake: 6.1.2 (/opt/ros/humble/share/rmw_implementation_cmake/cmake)
-- Found rmw_fastrtps_cpp: 6.2.7 (/opt/ros/humble/share/rmw_fastrtps_cpp/cmake)
-- Using RMW implementation 'rmw_fastrtps_cpp' as default
-- Found sensor_msgs: 4.9.0 (/opt/ros/humble/share/sensor_msgs/cmake)
-- Found rclcpp_action: 16.0.12 (/opt/ros/humble/share/rclcpp_action/cmake)
-- Found rosidl_default_generators: 1.2.0 (/opt/ros/humble/share/rosidl_default_generators/cmake)
-- Found ament_cmake_ros: 0.10.0 (/opt/ros/humble/share/ament_cmake_ros/cmake)
-- Using all available rosidl_typesupport_c: rosidl_typesupport_fastrtps_c;rosidl_typesupport_introspection_c
-- Using all available rosidl_typesupport_cpp: rosidl_typesupport_fastrtps_cpp;rosidl_typesupport_introspection_cpp
-- Found python_cmake_module: 0.10.0 (/opt/ros/humble/share/python_cmake_module/cmake)
-- Using PYTHON_EXECUTABLE: /usr/bin/python3
-- Using PYTHON_INCLUDE_DIRS: /usr/include/python3.10
-- Using PYTHON_LIBRARIES: /usr/lib/x86_64-linux-gnu/libpython3.10.so
-- Configuring done
-- Generating done
-- Build files have been written to: /home/cita/ros2_practice/hesai_lidar_ws/build/hesai_ros_driver
[  1%] [34m[1mGenerating C code for ROS interfaces[0m
[  2%] [34m[1mGenerating C++ code for ROS interfaces[0m
[  3%] [32mBuilding CXX object src/driver/HesaiLidar_SDK_2.0/libhesai/CMakeFiles/log_lib.dir/Logger/src/logger.cc.o[0m
[  3%] Built target ament_cmake_python_symlink_hesai_ros_driver
running egg_info
creating hesai_ros_driver.egg-info
writing hesai_ros_driver.egg-info/PKG-INFO
writing dependency_links to hesai_ros_driver.egg-info/dependency_links.txt
writing top-level names to hesai_ros_driver.egg-info/top_level.txt
writing manifest file 'hesai_ros_driver.egg-info/SOURCES.txt'
reading manifest file 'hesai_ros_driver.egg-info/SOURCES.txt'
writing manifest file 'hesai_ros_driver.egg-info/SOURCES.txt'
[  3%] Built target ament_cmake_python_build_hesai_ros_driver_egg
[  3%] Built target hesai_ros_driver__cpp
[  4%] [34m[1mGenerating C++ introspection for ROS interfaces[0m
[  6%] [34m[1mGenerating C++ type support for eProsima Fast-RTPS[0m
[  6%] [34m[1mGenerating C++ type support dispatch for ROS interfaces[0m
[  7%] [32mBuilding C object CMakeFiles/hesai_ros_driver__rosidl_generator_c.dir/rosidl_generator_c/hesai_ros_driver/msg/detail/udp_packet__functions.c.o[0m
[ 11%] [32mBuilding C object CMakeFiles/hesai_ros_driver__rosidl_generator_c.dir/rosidl_generator_c/hesai_ros_driver/msg/detail/ptp__functions.c.o[0m
[ 11%] [32mBuilding C object CMakeFiles/hesai_ros_driver__rosidl_generator_c.dir/rosidl_generator_c/hesai_ros_driver/msg/detail/udp_frame__functions.c.o[0m
[ 11%] [32mBuilding C object CMakeFiles/hesai_ros_driver__rosidl_generator_c.dir/rosidl_generator_c/hesai_ros_driver/msg/detail/firetime__functions.c.o[0m
[ 11%] [32mBuilding C object CMakeFiles/hesai_ros_driver__rosidl_generator_c.dir/rosidl_generator_c/hesai_ros_driver/msg/detail/loss_packet__functions.c.o[0m
[ 12%] [32m[1mLinking C shared library libhesai_ros_driver__rosidl_generator_c.so[0m
[ 13%] [32m[1mLinking CXX shared library liblog_lib.so[0m
[ 13%] Built target hesai_ros_driver__rosidl_generator_c
[ 17%] [34m[1mGenerating C type support dispatch for ROS interfaces[0m
[ 17%] [34m[1mGenerating C introspection for ROS interfaces[0m
[ 17%] [34m[1mGenerating C type support for eProsima Fast-RTPS[0m
[ 17%] Built target log_lib
[ 19%] [32mBuilding CXX object src/driver/HesaiLidar_SDK_2.0/libhesai/CMakeFiles/platutils_lib.dir/Common/src/plat_utils.cc.o[0m
[ 19%] [32mBuilding CXX object src/driver/HesaiLidar_SDK_2.0/libhesai/CMakeFiles/platutils_lib.dir/Common/src/auto_tick_count.cc.o[0m
[ 23%] [32mBuilding CXX object CMakeFiles/hesai_ros_driver__rosidl_typesupport_cpp.dir/rosidl_typesupport_cpp/hesai_ros_driver/msg/udp_frame__type_support.cpp.o[0m
[ 23%] [32mBuilding CXX object CMakeFiles/hesai_ros_driver__rosidl_typesupport_cpp.dir/rosidl_typesupport_cpp/hesai_ros_driver/msg/loss_packet__type_support.cpp.o[0m
[ 23%] [32mBuilding CXX object CMakeFiles/hesai_ros_driver__rosidl_typesupport_cpp.dir/rosidl_typesupport_cpp/hesai_ros_driver/msg/firetime__type_support.cpp.o[0m
[ 23%] [32mBuilding CXX object CMakeFiles/hesai_ros_driver__rosidl_typesupport_cpp.dir/rosidl_typesupport_cpp/hesai_ros_driver/msg/ptp__type_support.cpp.o[0m
[ 24%] [32mBuilding CXX object CMakeFiles/hesai_ros_driver__rosidl_typesupport_cpp.dir/rosidl_typesupport_cpp/hesai_ros_driver/msg/udp_packet__type_support.cpp.o[0m
[ 26%] [32mBuilding CXX object CMakeFiles/hesai_ros_driver__rosidl_typesupport_introspection_cpp.dir/rosidl_typesupport_introspection_cpp/hesai_ros_driver/msg/detail/udp_frame__type_support.cpp.o[0m
[ 26%] [32mBuilding CXX object CMakeFiles/hesai_ros_driver__rosidl_typesupport_introspection_cpp.dir/rosidl_typesupport_introspection_cpp/hesai_ros_driver/msg/detail/udp_packet__type_support.cpp.o[0m
[ 30%] [32mBuilding CXX object CMakeFiles/hesai_ros_driver__rosidl_typesupport_introspection_cpp.dir/rosidl_typesupport_introspection_cpp/hesai_ros_driver/msg/detail/loss_packet__type_support.cpp.o[0m
[ 30%] [32mBuilding CXX object CMakeFiles/hesai_ros_driver__rosidl_typesupport_introspection_cpp.dir/rosidl_typesupport_introspection_cpp/hesai_ros_driver/msg/detail/ptp__type_support.cpp.o[0m
[ 30%] [32mBuilding CXX object CMakeFiles/hesai_ros_driver__rosidl_typesupport_introspection_cpp.dir/rosidl_typesupport_introspection_cpp/hesai_ros_driver/msg/detail/firetime__type_support.cpp.o[0m
[ 31%] [32mBuilding CXX object CMakeFiles/hesai_ros_driver__rosidl_typesupport_fastrtps_cpp.dir/rosidl_typesupport_fastrtps_cpp/hesai_ros_driver/msg/detail/dds_fastrtps/udp_packet__type_support.cpp.o[0m
[ 32%] [32mBuilding CXX object CMakeFiles/hesai_ros_driver__rosidl_typesupport_fastrtps_cpp.dir/rosidl_typesupport_fastrtps_cpp/hesai_ros_driver/msg/detail/dds_fastrtps/firetime__type_support.cpp.o[0m
[ 34%] [32mBuilding CXX object CMakeFiles/hesai_ros_driver__rosidl_typesupport_fastrtps_cpp.dir/rosidl_typesupport_fastrtps_cpp/hesai_ros_driver/msg/detail/dds_fastrtps/ptp__type_support.cpp.o[0m
[ 34%] [32mBuilding CXX object CMakeFiles/hesai_ros_driver__rosidl_typesupport_fastrtps_cpp.dir/rosidl_typesupport_fastrtps_cpp/hesai_ros_driver/msg/detail/dds_fastrtps/loss_packet__type_support.cpp.o[0m
[ 35%] [32mBuilding CXX object CMakeFiles/hesai_ros_driver__rosidl_typesupport_fastrtps_cpp.dir/rosidl_typesupport_fastrtps_cpp/hesai_ros_driver/msg/detail/dds_fastrtps/udp_frame__type_support.cpp.o[0m
[ 36%] [32mBuilding C object CMakeFiles/hesai_ros_driver__rosidl_typesupport_introspection_c.dir/rosidl_typesupport_introspection_c/hesai_ros_driver/msg/detail/udp_packet__type_support.c.o[0m
[ 37%] [32mBuilding C object CMakeFiles/hesai_ros_driver__rosidl_typesupport_introspection_c.dir/rosidl_typesupport_introspection_c/hesai_ros_driver/msg/detail/udp_frame__type_support.c.o[0m
[ 38%] [32mBuilding C object CMakeFiles/hesai_ros_driver__rosidl_typesupport_introspection_c.dir/rosidl_typesupport_introspection_c/hesai_ros_driver/msg/detail/firetime__type_support.c.o[0m
[ 39%] [32mBuilding C object CMakeFiles/hesai_ros_driver__rosidl_typesupport_introspection_c.dir/rosidl_typesupport_introspection_c/hesai_ros_driver/msg/detail/ptp__type_support.c.o[0m
[ 40%] [32m[1mLinking CXX shared library libhesai_ros_driver__rosidl_typesupport_cpp.so[0m
[ 41%] [32mBuilding C object CMakeFiles/hesai_ros_driver__rosidl_typesupport_introspection_c.dir/rosidl_typesupport_introspection_c/hesai_ros_driver/msg/detail/loss_packet__type_support.c.o[0m
[ 43%] [32mBuilding CXX object CMakeFiles/hesai_ros_driver__rosidl_typesupport_fastrtps_c.dir/rosidl_typesupport_fastrtps_c/hesai_ros_driver/msg/detail/udp_packet__type_support_c.cpp.o[0m
[ 44%] [32mBuilding CXX object CMakeFiles/hesai_ros_driver__rosidl_typesupport_fastrtps_c.dir/rosidl_typesupport_fastrtps_c/hesai_ros_driver/msg/detail/udp_frame__type_support_c.cpp.o[0m
[ 45%] [32mBuilding CXX object CMakeFiles/hesai_ros_driver__rosidl_typesupport_c.dir/rosidl_typesupport_c/hesai_ros_driver/msg/udp_packet__type_support.cpp.o[0m
[ 47%] [32mBuilding CXX object CMakeFiles/hesai_ros_driver__rosidl_typesupport_c.dir/rosidl_typesupport_c/hesai_ros_driver/msg/udp_frame__type_support.cpp.o[0m
[ 48%] [32mBuilding CXX object CMakeFiles/hesai_ros_driver__rosidl_typesupport_fastrtps_c.dir/rosidl_typesupport_fastrtps_c/hesai_ros_driver/msg/detail/ptp__type_support_c.cpp.o[0m
[ 48%] [32mBuilding CXX object CMakeFiles/hesai_ros_driver__rosidl_typesupport_fastrtps_c.dir/rosidl_typesupport_fastrtps_c/hesai_ros_driver/msg/detail/firetime__type_support_c.cpp.o[0m
[ 49%] [32m[1mLinking C shared library libhesai_ros_driver__rosidl_typesupport_introspection_c.so[0m
[ 49%] Built target hesai_ros_driver__rosidl_typesupport_cpp
[ 50%] [32mBuilding CXX object CMakeFiles/hesai_ros_driver__rosidl_typesupport_c.dir/rosidl_typesupport_c/hesai_ros_driver/msg/firetime__type_support.cpp.o[0m
[ 51%] [32mBuilding CXX object CMakeFiles/hesai_ros_driver__rosidl_typesupport_fastrtps_c.dir/rosidl_typesupport_fastrtps_c/hesai_ros_driver/msg/detail/loss_packet__type_support_c.cpp.o[0m
[ 52%] [32mBuilding CXX object CMakeFiles/hesai_ros_driver__rosidl_typesupport_c.dir/rosidl_typesupport_c/hesai_ros_driver/msg/ptp__type_support.cpp.o[0m
[ 52%] Built target hesai_ros_driver__rosidl_typesupport_introspection_c
[ 53%] [32mBuilding CXX object CMakeFiles/hesai_ros_driver__rosidl_typesupport_c.dir/rosidl_typesupport_c/hesai_ros_driver/msg/loss_packet__type_support.cpp.o[0m
[ 54%] [32m[1mLinking CXX shared library libhesai_ros_driver__rosidl_typesupport_c.so[0m
[ 54%] Built target hesai_ros_driver__rosidl_typesupport_c
[ 55%] [32m[1mLinking CXX shared library libhesai_ros_driver__rosidl_typesupport_fastrtps_cpp.so[0m
[ 56%] [32m[1mLinking CXX shared library libhesai_ros_driver__rosidl_typesupport_introspection_cpp.so[0m
[ 56%] Built target hesai_ros_driver__rosidl_typesupport_fastrtps_cpp
[ 56%] Built target hesai_ros_driver__rosidl_typesupport_introspection_cpp
[ 58%] [32m[1mLinking CXX shared library libhesai_ros_driver__rosidl_typesupport_fastrtps_c.so[0m
[ 58%] Built target hesai_ros_driver__rosidl_typesupport_fastrtps_c
[ 59%] [32m[1mLinking CXX shared library libplatutils_lib.so[0m
[ 59%] Built target hesai_ros_driver
[ 60%] [34m[1mGenerating Python code for ROS interfaces[0m
[ 60%] Built target platutils_lib
[ 63%] [32mBuilding CXX object src/driver/HesaiLidar_SDK_2.0/libhesai/CMakeFiles/ptcClient_lib.dir/PtcParser/src/general_ptc_parser.cc.o[0m
[ 63%] [32mBuilding CXX object src/driver/HesaiLidar_SDK_2.0/libhesai/CMakeFiles/ptcClient_lib.dir/PtcClient/src/ptc_client.cc.o[0m
[ 63%] [32mBuilding CXX object src/driver/HesaiLidar_SDK_2.0/libhesai/CMakeFiles/ptcClient_lib.dir/PtcParser/ptc_parser.cc.o[0m
[ 64%] [32mBuilding CXX object src/driver/HesaiLidar_SDK_2.0/libhesai/CMakeFiles/source_lib.dir/Source/src/source.cc.o[0m
[ 68%] [32mBuilding CXX object src/driver/HesaiLidar_SDK_2.0/libhesai/CMakeFiles/ptcClient_lib.dir/PtcParser/src/ptc_1_0_parser.cc.o[0m
[ 68%] [32mBuilding CXX object src/driver/HesaiLidar_SDK_2.0/libhesai/CMakeFiles/udpParser_lib.dir/UdpParser/udp_parser.cc.o[0m
[ 68%] [32mBuilding CXX object src/driver/HesaiLidar_SDK_2.0/libhesai/CMakeFiles/ptcClient_lib.dir/PtcParser/src/ptc_2_0_parser.cc.o[0m
[ 68%] [32mBuilding CXX object src/driver/HesaiLidar_SDK_2.0/libhesai/CMakeFiles/ptcClient_lib.dir/PtcClient/src/tcp_client.cc.o[0m
[ 69%] [32mBuilding CXX object src/driver/HesaiLidar_SDK_2.0/libhesai/CMakeFiles/source_lib.dir/Source/src/serial_source.cc.o[0m
[ 72%] [32mBuilding CXX object src/driver/HesaiLidar_SDK_2.0/libhesai/CMakeFiles/source_lib.dir/Source/src/pcap_saver.cc.o[0m
[ 72%] [32mBuilding CXX object src/driver/HesaiLidar_SDK_2.0/libhesai/CMakeFiles/source_lib.dir/Source/src/socket_source.cc.o[0m
[ 73%] [32mBuilding CXX object src/driver/HesaiLidar_SDK_2.0/libhesai/CMakeFiles/source_lib.dir/Source/src/pcap_source.cc.o[0m
[ 74%] [32mBuilding CXX object src/driver/HesaiLidar_SDK_2.0/libhesai/CMakeFiles/ptcClient_lib.dir/PtcClient/src/tcp_ssl_client.cc.o[0m
[ 74%] Built target hesai_ros_driver__py
[ 76%] [32mBuilding C object CMakeFiles/hesai_ros_driver__rosidl_generator_py.dir/rosidl_generator_py/hesai_ros_driver/msg/_loss_packet_s.c.o[0m
[ 77%] [32mBuilding C object CMakeFiles/hesai_ros_driver__rosidl_generator_py.dir/rosidl_generator_py/hesai_ros_driver/msg/_udp_packet_s.c.o[0m
[ 78%] [32mBuilding C object CMakeFiles/hesai_ros_driver__rosidl_generator_py.dir/rosidl_generator_py/hesai_ros_driver/msg/_firetime_s.c.o[0m
[ 78%] [32mBuilding C object CMakeFiles/hesai_ros_driver__rosidl_generator_py.dir/rosidl_generator_py/hesai_ros_driver/msg/_udp_frame_s.c.o[0m
[ 79%] [32mBuilding C object CMakeFiles/hesai_ros_driver__rosidl_generator_py.dir/rosidl_generator_py/hesai_ros_driver/msg/_ptp_s.c.o[0m
[ 80%] [32m[1mLinking C shared library rosidl_generator_py/hesai_ros_driver/libhesai_ros_driver__rosidl_generator_py.so[0m
[ 81%] [32m[1mLinking CXX shared library libudpParser_lib.so[0m
[ 81%] Built target hesai_ros_driver__rosidl_generator_py
[ 84%] [32mBuilding C object CMakeFiles/hesai_ros_driver__rosidl_typesupport_c__pyext.dir/rosidl_generator_py/hesai_ros_driver/_hesai_ros_driver_s.ep.rosidl_typesupport_c.c.o[0m
[ 84%] [32mBuilding C object CMakeFiles/hesai_ros_driver__rosidl_typesupport_introspection_c__pyext.dir/rosidl_generator_py/hesai_ros_driver/_hesai_ros_driver_s.ep.rosidl_typesupport_introspection_c.c.o[0m
[ 84%] [32mBuilding C object CMakeFiles/hesai_ros_driver__rosidl_typesupport_fastrtps_c__pyext.dir/rosidl_generator_py/hesai_ros_driver/_hesai_ros_driver_s.ep.rosidl_typesupport_fastrtps_c.c.o[0m
[ 84%] Built target udpParser_lib
[ 86%] [32m[1mLinking C shared library rosidl_generator_py/hesai_ros_driver/hesai_ros_driver_s__rosidl_typesupport_introspection_c.cpython-310-x86_64-linux-gnu.so[0m
[ 87%] [32m[1mLinking C shared library rosidl_generator_py/hesai_ros_driver/hesai_ros_driver_s__rosidl_typesupport_c.cpython-310-x86_64-linux-gnu.so[0m
[ 88%] [32m[1mLinking C shared library rosidl_generator_py/hesai_ros_driver/hesai_ros_driver_s__rosidl_typesupport_fastrtps_c.cpython-310-x86_64-linux-gnu.so[0m
[ 88%] Built target hesai_ros_driver__rosidl_typesupport_introspection_c__pyext
[ 88%] Built target hesai_ros_driver__rosidl_typesupport_c__pyext
[ 88%] Built target hesai_ros_driver__rosidl_typesupport_fastrtps_c__pyext
[ 89%] [32m[1mLinking CXX shared library libsource_lib.so[0m
[ 89%] Built target source_lib
[ 90%] [32mBuilding CXX object src/driver/HesaiLidar_SDK_2.0/libhesai/CMakeFiles/serialClient_lib.dir/SerialClient/src/serial_client.cc.o[0m
[ 91%] [32m[1mLinking CXX shared library libptcClient_lib.so[0m
[ 91%] Built target ptcClient_lib
[ 92%] [32m[1mLinking CXX shared library libserialClient_lib.so[0m
[ 92%] Built target serialClient_lib
[ 93%] [32mBuilding CXX object src/driver/HesaiLidar_SDK_2.0/libhesai/CMakeFiles/lidar_lib.dir/Lidar/lidar.cc.o[0m
[ 94%] [32m[1mLinking CXX shared library liblidar_lib.so[0m
[ 94%] Built target lidar_lib
[ 95%] [32mBuilding CXX object src/driver/HesaiLidar_SDK_2.0/CMakeFiles/hesai_sdk_lib.dir/driver/hesai_lidar_sdk.cc.o[0m
[ 96%] [32m[1mLinking CXX shared library libhesai_sdk_lib.so[0m
[ 96%] Built target hesai_sdk_lib
[ 97%] [32mBuilding CXX object CMakeFiles/hesai_ros_driver_node.dir/node/hesai_ros_driver_node.cc.o[0m
[ 98%] [32mBuilding CXX object CMakeFiles/hesai_ros_driver_node.dir/src/manager/node_manager.cc.o[0m
[100%] [32m[1mLinking CXX executable hesai_ros_driver_node[0m
[100%] Built target hesai_ros_driver_node
-- Install configuration: "Release"
-- Execute custom install script
-- Symlinking: /home/cita/ros2_practice/hesai_lidar_ws/install/hesai_ros_driver/share/ament_index/resource_index/rosidl_interfaces/hesai_ros_driver
-- Symlinking: /home/cita/ros2_practice/hesai_lidar_ws/install/hesai_ros_driver/include/hesai_ros_driver/hesai_ros_driver/msg/detail/firetime__functions.h
-- Symlinking: /home/cita/ros2_practice/hesai_lidar_ws/install/hesai_ros_driver/include/hesai_ros_driver/hesai_ros_driver/msg/detail/firetime__struct.h
-- Symlinking: /home/cita/ros2_practice/hesai_lidar_ws/install/hesai_ros_driver/include/hesai_ros_driver/hesai_ros_driver/msg/detail/firetime__type_support.h
-- Symlinking: /home/cita/ros2_practice/hesai_lidar_ws/install/hesai_ros_driver/include/hesai_ros_driver/hesai_ros_driver/msg/detail/loss_packet__functions.h
-- Symlinking: /home/cita/ros2_practice/hesai_lidar_ws/install/hesai_ros_driver/include/hesai_ros_driver/hesai_ros_driver/msg/detail/loss_packet__struct.h
-- Symlinking: /home/cita/ros2_practice/hesai_lidar_ws/install/hesai_ros_driver/include/hesai_ros_driver/hesai_ros_driver/msg/detail/loss_packet__type_support.h
-- Symlinking: /home/cita/ros2_practice/hesai_lidar_ws/install/hesai_ros_driver/include/hesai_ros_driver/hesai_ros_driver/msg/detail/ptp__functions.h
-- Symlinking: /home/cita/ros2_practice/hesai_lidar_ws/install/hesai_ros_driver/include/hesai_ros_driver/hesai_ros_driver/msg/detail/ptp__struct.h
-- Symlinking: /home/cita/ros2_practice/hesai_lidar_ws/install/hesai_ros_driver/include/hesai_ros_driver/hesai_ros_driver/msg/detail/ptp__type_support.h
-- Symlinking: /home/cita/ros2_practice/hesai_lidar_ws/install/hesai_ros_driver/include/hesai_ros_driver/hesai_ros_driver/msg/detail/udp_frame__functions.h
-- Symlinking: /home/cita/ros2_practice/hesai_lidar_ws/install/hesai_ros_driver/include/hesai_ros_driver/hesai_ros_driver/msg/detail/udp_frame__struct.h
-- Symlinking: /home/cita/ros2_practice/hesai_lidar_ws/install/hesai_ros_driver/include/hesai_ros_driver/hesai_ros_driver/msg/detail/udp_frame__type_support.h
-- Symlinking: /home/cita/ros2_practice/hesai_lidar_ws/install/hesai_ros_driver/include/hesai_ros_driver/hesai_ros_driver/msg/detail/udp_packet__functions.h
-- Symlinking: /home/cita/ros2_practice/hesai_lidar_ws/install/hesai_ros_driver/include/hesai_ros_driver/hesai_ros_driver/msg/detail/udp_packet__struct.h
-- Symlinking: /home/cita/ros2_practice/hesai_lidar_ws/install/hesai_ros_driver/include/hesai_ros_driver/hesai_ros_driver/msg/detail/udp_packet__type_support.h
-- Symlinking: /home/cita/ros2_practice/hesai_lidar_ws/install/hesai_ros_driver/include/hesai_ros_driver/hesai_ros_driver/msg/firetime.h
-- Symlinking: /home/cita/ros2_practice/hesai_lidar_ws/install/hesai_ros_driver/include/hesai_ros_driver/hesai_ros_driver/msg/loss_packet.h
-- Symlinking: /home/cita/ros2_practice/hesai_lidar_ws/install/hesai_ros_driver/include/hesai_ros_driver/hesai_ros_driver/msg/ptp.h
-- Symlinking: /home/cita/ros2_practice/hesai_lidar_ws/install/hesai_ros_driver/include/hesai_ros_driver/hesai_ros_driver/msg/rosidl_generator_c__visibility_control.h
-- Symlinking: /home/cita/ros2_practice/hesai_lidar_ws/install/hesai_ros_driver/include/hesai_ros_driver/hesai_ros_driver/msg/udp_frame.h
-- Symlinking: /home/cita/ros2_practice/hesai_lidar_ws/install/hesai_ros_driver/include/hesai_ros_driver/hesai_ros_driver/msg/udp_packet.h
-- Symlinking: /home/cita/ros2_practice/hesai_lidar_ws/install/hesai_ros_driver/share/hesai_ros_driver/environment/library_path.sh
-- Symlinking: /home/cita/ros2_practice/hesai_lidar_ws/install/hesai_ros_driver/share/hesai_ros_driver/environment/library_path.dsv
-- Symlinking: /home/cita/ros2_practice/hesai_lidar_ws/install/hesai_ros_driver/include/hesai_ros_driver/hesai_ros_driver/msg/detail/firetime__rosidl_typesupport_fastrtps_c.h
-- Symlinking: /home/cita/ros2_practice/hesai_lidar_ws/install/hesai_ros_driver/include/hesai_ros_driver/hesai_ros_driver/msg/detail/loss_packet__rosidl_typesupport_fastrtps_c.h
-- Symlinking: /home/cita/ros2_practice/hesai_lidar_ws/install/hesai_ros_driver/include/hesai_ros_driver/hesai_ros_driver/msg/detail/ptp__rosidl_typesupport_fastrtps_c.h
-- Symlinking: /home/cita/ros2_practice/hesai_lidar_ws/install/hesai_ros_driver/include/hesai_ros_driver/hesai_ros_driver/msg/detail/udp_frame__rosidl_typesupport_fastrtps_c.h
-- Symlinking: /home/cita/ros2_practice/hesai_lidar_ws/install/hesai_ros_driver/include/hesai_ros_driver/hesai_ros_driver/msg/detail/udp_packet__rosidl_typesupport_fastrtps_c.h
-- Symlinking: /home/cita/ros2_practice/hesai_lidar_ws/install/hesai_ros_driver/include/hesai_ros_driver/hesai_ros_driver/msg/rosidl_typesupport_fastrtps_c__visibility_control.h
-- Symlinking: /home/cita/ros2_practice/hesai_lidar_ws/install/hesai_ros_driver/include/hesai_ros_driver/hesai_ros_driver/msg/detail/firetime__builder.hpp
-- Symlinking: /home/cita/ros2_practice/hesai_lidar_ws/install/hesai_ros_driver/include/hesai_ros_driver/hesai_ros_driver/msg/detail/firetime__struct.hpp
-- Symlinking: /home/cita/ros2_practice/hesai_lidar_ws/install/hesai_ros_driver/include/hesai_ros_driver/hesai_ros_driver/msg/detail/firetime__traits.hpp
-- Symlinking: /home/cita/ros2_practice/hesai_lidar_ws/install/hesai_ros_driver/include/hesai_ros_driver/hesai_ros_driver/msg/detail/firetime__type_support.hpp
-- Symlinking: /home/cita/ros2_practice/hesai_lidar_ws/install/hesai_ros_driver/include/hesai_ros_driver/hesai_ros_driver/msg/detail/loss_packet__builder.hpp
-- Symlinking: /home/cita/ros2_practice/hesai_lidar_ws/install/hesai_ros_driver/include/hesai_ros_driver/hesai_ros_driver/msg/detail/loss_packet__struct.hpp
-- Symlinking: /home/cita/ros2_practice/hesai_lidar_ws/install/hesai_ros_driver/include/hesai_ros_driver/hesai_ros_driver/msg/detail/loss_packet__traits.hpp
-- Symlinking: /home/cita/ros2_practice/hesai_lidar_ws/install/hesai_ros_driver/include/hesai_ros_driver/hesai_ros_driver/msg/detail/loss_packet__type_support.hpp
-- Symlinking: /home/cita/ros2_practice/hesai_lidar_ws/install/hesai_ros_driver/include/hesai_ros_driver/hesai_ros_driver/msg/detail/ptp__builder.hpp
-- Symlinking: /home/cita/ros2_practice/hesai_lidar_ws/install/hesai_ros_driver/include/hesai_ros_driver/hesai_ros_driver/msg/detail/ptp__struct.hpp
-- Symlinking: /home/cita/ros2_practice/hesai_lidar_ws/install/hesai_ros_driver/include/hesai_ros_driver/hesai_ros_driver/msg/detail/ptp__traits.hpp
-- Symlinking: /home/cita/ros2_practice/hesai_lidar_ws/install/hesai_ros_driver/include/hesai_ros_driver/hesai_ros_driver/msg/detail/ptp__type_support.hpp
-- Symlinking: /home/cita/ros2_practice/hesai_lidar_ws/install/hesai_ros_driver/include/hesai_ros_driver/hesai_ros_driver/msg/detail/udp_frame__builder.hpp
-- Symlinking: /home/cita/ros2_practice/hesai_lidar_ws/install/hesai_ros_driver/include/hesai_ros_driver/hesai_ros_driver/msg/detail/udp_frame__struct.hpp
-- Symlinking: /home/cita/ros2_practice/hesai_lidar_ws/install/hesai_ros_driver/include/hesai_ros_driver/hesai_ros_driver/msg/detail/udp_frame__traits.hpp
-- Symlinking: /home/cita/ros2_practice/hesai_lidar_ws/install/hesai_ros_driver/include/hesai_ros_driver/hesai_ros_driver/msg/detail/udp_frame__type_support.hpp
-- Symlinking: /home/cita/ros2_practice/hesai_lidar_ws/install/hesai_ros_driver/include/hesai_ros_driver/hesai_ros_driver/msg/detail/udp_packet__builder.hpp
-- Symlinking: /home/cita/ros2_practice/hesai_lidar_ws/install/hesai_ros_driver/include/hesai_ros_driver/hesai_ros_driver/msg/detail/udp_packet__struct.hpp
-- Symlinking: /home/cita/ros2_practice/hesai_lidar_ws/install/hesai_ros_driver/include/hesai_ros_driver/hesai_ros_driver/msg/detail/udp_packet__traits.hpp
-- Symlinking: /home/cita/ros2_practice/hesai_lidar_ws/install/hesai_ros_driver/include/hesai_ros_driver/hesai_ros_driver/msg/detail/udp_packet__type_support.hpp
-- Symlinking: /home/cita/ros2_practice/hesai_lidar_ws/install/hesai_ros_driver/include/hesai_ros_driver/hesai_ros_driver/msg/firetime.hpp
-- Symlinking: /home/cita/ros2_practice/hesai_lidar_ws/install/hesai_ros_driver/include/hesai_ros_driver/hesai_ros_driver/msg/loss_packet.hpp
-- Symlinking: /home/cita/ros2_practice/hesai_lidar_ws/install/hesai_ros_driver/include/hesai_ros_driver/hesai_ros_driver/msg/ptp.hpp
-- Symlinking: /home/cita/ros2_practice/hesai_lidar_ws/install/hesai_ros_driver/include/hesai_ros_driver/hesai_ros_driver/msg/rosidl_generator_cpp__visibility_control.hpp
-- Symlinking: /home/cita/ros2_practice/hesai_lidar_ws/install/hesai_ros_driver/include/hesai_ros_driver/hesai_ros_driver/msg/udp_frame.hpp
-- Symlinking: /home/cita/ros2_practice/hesai_lidar_ws/install/hesai_ros_driver/include/hesai_ros_driver/hesai_ros_driver/msg/udp_packet.hpp
-- Symlinking: /home/cita/ros2_practice/hesai_lidar_ws/install/hesai_ros_driver/include/hesai_ros_driver/hesai_ros_driver/msg/detail/firetime__rosidl_typesupport_fastrtps_cpp.hpp
-- Symlinking: /home/cita/ros2_practice/hesai_lidar_ws/install/hesai_ros_driver/include/hesai_ros_driver/hesai_ros_driver/msg/detail/loss_packet__rosidl_typesupport_fastrtps_cpp.hpp
-- Symlinking: /home/cita/ros2_practice/hesai_lidar_ws/install/hesai_ros_driver/include/hesai_ros_driver/hesai_ros_driver/msg/detail/ptp__rosidl_typesupport_fastrtps_cpp.hpp
-- Symlinking: /home/cita/ros2_practice/hesai_lidar_ws/install/hesai_ros_driver/include/hesai_ros_driver/hesai_ros_driver/msg/detail/udp_frame__rosidl_typesupport_fastrtps_cpp.hpp
-- Symlinking: /home/cita/ros2_practice/hesai_lidar_ws/install/hesai_ros_driver/include/hesai_ros_driver/hesai_ros_driver/msg/detail/udp_packet__rosidl_typesupport_fastrtps_cpp.hpp
-- Symlinking: /home/cita/ros2_practice/hesai_lidar_ws/install/hesai_ros_driver/include/hesai_ros_driver/hesai_ros_driver/msg/rosidl_typesupport_fastrtps_cpp__visibility_control.h
-- Symlinking: /home/cita/ros2_practice/hesai_lidar_ws/install/hesai_ros_driver/include/hesai_ros_driver/hesai_ros_driver/msg/detail/firetime__rosidl_typesupport_introspection_c.h
-- Symlinking: /home/cita/ros2_practice/hesai_lidar_ws/install/hesai_ros_driver/include/hesai_ros_driver/hesai_ros_driver/msg/detail/loss_packet__rosidl_typesupport_introspection_c.h
-- Symlinking: /home/cita/ros2_practice/hesai_lidar_ws/install/hesai_ros_driver/include/hesai_ros_driver/hesai_ros_driver/msg/detail/ptp__rosidl_typesupport_introspection_c.h
-- Symlinking: /home/cita/ros2_practice/hesai_lidar_ws/install/hesai_ros_driver/include/hesai_ros_driver/hesai_ros_driver/msg/detail/udp_frame__rosidl_typesupport_introspection_c.h
-- Symlinking: /home/cita/ros2_practice/hesai_lidar_ws/install/hesai_ros_driver/include/hesai_ros_driver/hesai_ros_driver/msg/detail/udp_packet__rosidl_typesupport_introspection_c.h
-- Symlinking: /home/cita/ros2_practice/hesai_lidar_ws/install/hesai_ros_driver/include/hesai_ros_driver/hesai_ros_driver/msg/rosidl_typesupport_introspection_c__visibility_control.h
-- Symlinking: /home/cita/ros2_practice/hesai_lidar_ws/install/hesai_ros_driver/include/hesai_ros_driver/hesai_ros_driver/msg/detail/firetime__rosidl_typesupport_introspection_cpp.hpp
-- Symlinking: /home/cita/ros2_practice/hesai_lidar_ws/install/hesai_ros_driver/include/hesai_ros_driver/hesai_ros_driver/msg/detail/loss_packet__rosidl_typesupport_introspection_cpp.hpp
-- Symlinking: /home/cita/ros2_practice/hesai_lidar_ws/install/hesai_ros_driver/include/hesai_ros_driver/hesai_ros_driver/msg/detail/ptp__rosidl_typesupport_introspection_cpp.hpp
-- Symlinking: /home/cita/ros2_practice/hesai_lidar_ws/install/hesai_ros_driver/include/hesai_ros_driver/hesai_ros_driver/msg/detail/udp_frame__rosidl_typesupport_introspection_cpp.hpp
-- Symlinking: /home/cita/ros2_practice/hesai_lidar_ws/install/hesai_ros_driver/include/hesai_ros_driver/hesai_ros_driver/msg/detail/udp_packet__rosidl_typesupport_introspection_cpp.hpp
-- Symlinking: /home/cita/ros2_practice/hesai_lidar_ws/install/hesai_ros_driver/share/hesai_ros_driver/environment/pythonpath.sh
-- Symlinking: /home/cita/ros2_practice/hesai_lidar_ws/install/hesai_ros_driver/share/hesai_ros_driver/environment/pythonpath.dsv
-- Symlinking: /home/cita/ros2_practice/hesai_lidar_ws/install/hesai_ros_driver/local/lib/python3.10/dist-packages/hesai_ros_driver-1.5.0-py3.10.egg-info/PKG-INFO
-- Symlinking: /home/cita/ros2_practice/hesai_lidar_ws/install/hesai_ros_driver/local/lib/python3.10/dist-packages/hesai_ros_driver-1.5.0-py3.10.egg-info/SOURCES.txt
-- Symlinking: /home/cita/ros2_practice/hesai_lidar_ws/install/hesai_ros_driver/local/lib/python3.10/dist-packages/hesai_ros_driver-1.5.0-py3.10.egg-info/dependency_links.txt
-- Symlinking: /home/cita/ros2_practice/hesai_lidar_ws/install/hesai_ros_driver/local/lib/python3.10/dist-packages/hesai_ros_driver-1.5.0-py3.10.egg-info/top_level.txt
-- Symlinking: /home/cita/ros2_practice/hesai_lidar_ws/install/hesai_ros_driver/local/lib/python3.10/dist-packages/hesai_ros_driver/__init__.py
-- Symlinking: /home/cita/ros2_practice/hesai_lidar_ws/install/hesai_ros_driver/local/lib/python3.10/dist-packages/hesai_ros_driver/_hesai_ros_driver_s.ep.rosidl_typesupport_c.c
-- Symlinking: /home/cita/ros2_practice/hesai_lidar_ws/install/hesai_ros_driver/local/lib/python3.10/dist-packages/hesai_ros_driver/_hesai_ros_driver_s.ep.rosidl_typesupport_fastrtps_c.c
-- Symlinking: /home/cita/ros2_practice/hesai_lidar_ws/install/hesai_ros_driver/local/lib/python3.10/dist-packages/hesai_ros_driver/_hesai_ros_driver_s.ep.rosidl_typesupport_introspection_c.c
-- Symlinking: /home/cita/ros2_practice/hesai_lidar_ws/install/hesai_ros_driver/local/lib/python3.10/dist-packages/hesai_ros_driver/hesai_ros_driver_s__rosidl_typesupport_c.cpython-310-x86_64-linux-gnu.so
-- Symlinking: /home/cita/ros2_practice/hesai_lidar_ws/install/hesai_ros_driver/local/lib/python3.10/dist-packages/hesai_ros_driver/hesai_ros_driver_s__rosidl_typesupport_fastrtps_c.cpython-310-x86_64-linux-gnu.so
-- Symlinking: /home/cita/ros2_practice/hesai_lidar_ws/install/hesai_ros_driver/local/lib/python3.10/dist-packages/hesai_ros_driver/hesai_ros_driver_s__rosidl_typesupport_introspection_c.cpython-310-x86_64-linux-gnu.so
-- Symlinking: /home/cita/ros2_practice/hesai_lidar_ws/install/hesai_ros_driver/local/lib/python3.10/dist-packages/hesai_ros_driver/libhesai_ros_driver__rosidl_generator_py.so
-- Symlinking: /home/cita/ros2_practice/hesai_lidar_ws/install/hesai_ros_driver/local/lib/python3.10/dist-packages/hesai_ros_driver/msg/__init__.py
-- Symlinking: /home/cita/ros2_practice/hesai_lidar_ws/install/hesai_ros_driver/local/lib/python3.10/dist-packages/hesai_ros_driver/msg/_firetime.py
-- Symlinking: /home/cita/ros2_practice/hesai_lidar_ws/install/hesai_ros_driver/local/lib/python3.10/dist-packages/hesai_ros_driver/msg/_firetime_s.c
-- Symlinking: /home/cita/ros2_practice/hesai_lidar_ws/install/hesai_ros_driver/local/lib/python3.10/dist-packages/hesai_ros_driver/msg/_loss_packet.py
-- Symlinking: /home/cita/ros2_practice/hesai_lidar_ws/install/hesai_ros_driver/local/lib/python3.10/dist-packages/hesai_ros_driver/msg/_loss_packet_s.c
-- Symlinking: /home/cita/ros2_practice/hesai_lidar_ws/install/hesai_ros_driver/local/lib/python3.10/dist-packages/hesai_ros_driver/msg/_ptp.py
-- Symlinking: /home/cita/ros2_practice/hesai_lidar_ws/install/hesai_ros_driver/local/lib/python3.10/dist-packages/hesai_ros_driver/msg/_ptp_s.c
-- Symlinking: /home/cita/ros2_practice/hesai_lidar_ws/install/hesai_ros_driver/local/lib/python3.10/dist-packages/hesai_ros_driver/msg/_udp_frame.py
-- Symlinking: /home/cita/ros2_practice/hesai_lidar_ws/install/hesai_ros_driver/local/lib/python3.10/dist-packages/hesai_ros_driver/msg/_udp_frame_s.c
-- Symlinking: /home/cita/ros2_practice/hesai_lidar_ws/install/hesai_ros_driver/local/lib/python3.10/dist-packages/hesai_ros_driver/msg/_udp_packet.py
-- Symlinking: /home/cita/ros2_practice/hesai_lidar_ws/install/hesai_ros_driver/local/lib/python3.10/dist-packages/hesai_ros_driver/msg/_udp_packet_s.c
-- Up-to-date symlink: /home/cita/ros2_practice/hesai_lidar_ws/install/hesai_ros_driver/local/lib/python3.10/dist-packages/hesai_ros_driver/hesai_ros_driver_s__rosidl_typesupport_fastrtps_c.cpython-310-x86_64-linux-gnu.so
-- Up-to-date symlink: /home/cita/ros2_practice/hesai_lidar_ws/install/hesai_ros_driver/local/lib/python3.10/dist-packages/hesai_ros_driver/hesai_ros_driver_s__rosidl_typesupport_introspection_c.cpython-310-x86_64-linux-gnu.so
-- Up-to-date symlink: /home/cita/ros2_practice/hesai_lidar_ws/install/hesai_ros_driver/local/lib/python3.10/dist-packages/hesai_ros_driver/hesai_ros_driver_s__rosidl_typesupport_c.cpython-310-x86_64-linux-gnu.so
-- Symlinking: /home/cita/ros2_practice/hesai_lidar_ws/install/hesai_ros_driver/share/hesai_ros_driver/msg/UdpPacket.idl
-- Symlinking: /home/cita/ros2_practice/hesai_lidar_ws/install/hesai_ros_driver/share/hesai_ros_driver/msg/UdpFrame.idl
-- Symlinking: /home/cita/ros2_practice/hesai_lidar_ws/install/hesai_ros_driver/share/hesai_ros_driver/msg/Firetime.idl
-- Symlinking: /home/cita/ros2_practice/hesai_lidar_ws/install/hesai_ros_driver/share/hesai_ros_driver/msg/Ptp.idl
-- Symlinking: /home/cita/ros2_practice/hesai_lidar_ws/install/hesai_ros_driver/share/hesai_ros_driver/msg/LossPacket.idl
-- Symlinking: /home/cita/ros2_practice/hesai_lidar_ws/install/hesai_ros_driver/share/hesai_ros_driver/msg_ros2/UdpPacket.msg
-- Symlinking: /home/cita/ros2_practice/hesai_lidar_ws/install/hesai_ros_driver/share/hesai_ros_driver/msg_ros2/UdpFrame.msg
-- Symlinking: /home/cita/ros2_practice/hesai_lidar_ws/install/hesai_ros_driver/share/hesai_ros_driver/msg_ros2/Firetime.msg
-- Symlinking: /home/cita/ros2_practice/hesai_lidar_ws/install/hesai_ros_driver/share/hesai_ros_driver/msg_ros2/Ptp.msg
-- Symlinking: /home/cita/ros2_practice/hesai_lidar_ws/install/hesai_ros_driver/share/hesai_ros_driver/msg_ros2/LossPacket.msg
-- Symlinking: /home/cita/ros2_practice/hesai_lidar_ws/install/hesai_ros_driver/lib/hesai_ros_driver/hesai_ros_driver_node
-- Symlinking: /home/cita/ros2_practice/hesai_lidar_ws/install/hesai_ros_driver/lib/libhesai_sdk_lib.so
-- Symlinking: /home/cita/ros2_practice/hesai_lidar_ws/install/hesai_ros_driver/lib/liblog_lib.so
-- Symlinking: /home/cita/ros2_practice/hesai_lidar_ws/install/hesai_ros_driver/lib/liblidar_lib.so
-- Symlinking: /home/cita/ros2_practice/hesai_lidar_ws/install/hesai_ros_driver/share/hesai_ros_driver/launch/dashing_start.py
-- Symlinking: /home/cita/ros2_practice/hesai_lidar_ws/install/hesai_ros_driver/share/hesai_ros_driver/launch/start.launch
-- Symlinking: /home/cita/ros2_practice/hesai_lidar_ws/install/hesai_ros_driver/share/hesai_ros_driver/launch/start.py
-- Symlinking: /home/cita/ros2_practice/hesai_lidar_ws/install/hesai_ros_driver/share/hesai_ros_driver/rviz/rviz.rviz
-- Symlinking: /home/cita/ros2_practice/hesai_lidar_ws/install/hesai_ros_driver/share/hesai_ros_driver/rviz/rviz2.rviz
-- Symlinking: /home/cita/ros2_practice/hesai_lidar_ws/install/hesai_ros_driver/share/ament_index/resource_index/package_run_dependencies/hesai_ros_driver
-- Symlinking: /home/cita/ros2_practice/hesai_lidar_ws/install/hesai_ros_driver/share/ament_index/resource_index/parent_prefix_path/hesai_ros_driver
-- Symlinking: /home/cita/ros2_practice/hesai_lidar_ws/install/hesai_ros_driver/share/hesai_ros_driver/environment/ament_prefix_path.sh
-- Symlinking: /home/cita/ros2_practice/hesai_lidar_ws/install/hesai_ros_driver/share/hesai_ros_driver/environment/ament_prefix_path.dsv
-- Symlinking: /home/cita/ros2_practice/hesai_lidar_ws/install/hesai_ros_driver/share/hesai_ros_driver/environment/path.sh
-- Symlinking: /home/cita/ros2_practice/hesai_lidar_ws/install/hesai_ros_driver/share/hesai_ros_driver/environment/path.dsv
-- Symlinking: /home/cita/ros2_practice/hesai_lidar_ws/install/hesai_ros_driver/share/hesai_ros_driver/local_setup.bash
-- Symlinking: /home/cita/ros2_practice/hesai_lidar_ws/install/hesai_ros_driver/share/hesai_ros_driver/local_setup.sh
-- Symlinking: /home/cita/ros2_practice/hesai_lidar_ws/install/hesai_ros_driver/share/hesai_ros_driver/local_setup.zsh
-- Symlinking: /home/cita/ros2_practice/hesai_lidar_ws/install/hesai_ros_driver/share/hesai_ros_driver/local_setup.dsv
-- Symlinking: /home/cita/ros2_practice/hesai_lidar_ws/install/hesai_ros_driver/share/hesai_ros_driver/package.dsv
-- Symlinking: /home/cita/ros2_practice/hesai_lidar_ws/install/hesai_ros_driver/share/ament_index/resource_index/packages/hesai_ros_driver
-- Symlinking: /home/cita/ros2_practice/hesai_lidar_ws/install/hesai_ros_driver/share/hesai_ros_driver/cmake/rosidl_cmake-extras.cmake
-- Symlinking: /home/cita/ros2_practice/hesai_lidar_ws/install/hesai_ros_driver/share/hesai_ros_driver/cmake/ament_cmake_export_dependencies-extras.cmake
-- Symlinking: /home/cita/ros2_practice/hesai_lidar_ws/install/hesai_ros_driver/share/hesai_ros_driver/cmake/ament_cmake_export_include_directories-extras.cmake
-- Symlinking: /home/cita/ros2_practice/hesai_lidar_ws/install/hesai_ros_driver/share/hesai_ros_driver/cmake/ament_cmake_export_libraries-extras.cmake
-- Symlinking: /home/cita/ros2_practice/hesai_lidar_ws/install/hesai_ros_driver/share/hesai_ros_driver/cmake/ament_cmake_export_targets-extras.cmake
-- Symlinking: /home/cita/ros2_practice/hesai_lidar_ws/install/hesai_ros_driver/share/hesai_ros_driver/cmake/rosidl_cmake_export_typesupport_targets-extras.cmake
-- Symlinking: /home/cita/ros2_practice/hesai_lidar_ws/install/hesai_ros_driver/share/hesai_ros_driver/cmake/rosidl_cmake_export_typesupport_libraries-extras.cmake
-- Symlinking: /home/cita/ros2_practice/hesai_lidar_ws/install/hesai_ros_driver/share/hesai_ros_driver/cmake/hesai_ros_driverConfig.cmake
-- Symlinking: /home/cita/ros2_practice/hesai_lidar_ws/install/hesai_ros_driver/share/hesai_ros_driver/cmake/hesai_ros_driverConfig-version.cmake
-- Symlinking: /home/cita/ros2_practice/hesai_lidar_ws/install/hesai_ros_driver/share/hesai_ros_driver/package.xml
-- Installing: /home/cita/ros2_practice/hesai_lidar_ws/install/hesai_ros_driver/lib/libhesai_ros_driver__rosidl_generator_c.so
-- Set runtime path of "/home/cita/ros2_practice/hesai_lidar_ws/install/hesai_ros_driver/lib/libhesai_ros_driver__rosidl_generator_c.so" to ""
-- Installing: /home/cita/ros2_practice/hesai_lidar_ws/install/hesai_ros_driver/lib/libhesai_ros_driver__rosidl_typesupport_fastrtps_c.so
-- Set runtime path of "/home/cita/ros2_practice/hesai_lidar_ws/install/hesai_ros_driver/lib/libhesai_ros_driver__rosidl_typesupport_fastrtps_c.so" to ""
-- Installing: /home/cita/ros2_practice/hesai_lidar_ws/install/hesai_ros_driver/lib/libhesai_ros_driver__rosidl_typesupport_fastrtps_cpp.so
-- Set runtime path of "/home/cita/ros2_practice/hesai_lidar_ws/install/hesai_ros_driver/lib/libhesai_ros_driver__rosidl_typesupport_fastrtps_cpp.so" to ""
-- Installing: /home/cita/ros2_practice/hesai_lidar_ws/install/hesai_ros_driver/lib/libhesai_ros_driver__rosidl_typesupport_introspection_c.so
-- Set runtime path of "/home/cita/ros2_practice/hesai_lidar_ws/install/hesai_ros_driver/lib/libhesai_ros_driver__rosidl_typesupport_introspection_c.so" to ""
-- Installing: /home/cita/ros2_practice/hesai_lidar_ws/install/hesai_ros_driver/lib/libhesai_ros_driver__rosidl_typesupport_c.so
-- Set runtime path of "/home/cita/ros2_practice/hesai_lidar_ws/install/hesai_ros_driver/lib/libhesai_ros_driver__rosidl_typesupport_c.so" to ""
-- Installing: /home/cita/ros2_practice/hesai_lidar_ws/install/hesai_ros_driver/lib/libhesai_ros_driver__rosidl_typesupport_introspection_cpp.so
-- Set runtime path of "/home/cita/ros2_practice/hesai_lidar_ws/install/hesai_ros_driver/lib/libhesai_ros_driver__rosidl_typesupport_introspection_cpp.so" to ""
-- Installing: /home/cita/ros2_practice/hesai_lidar_ws/install/hesai_ros_driver/lib/libhesai_ros_driver__rosidl_typesupport_cpp.so
-- Set runtime path of "/home/cita/ros2_practice/hesai_lidar_ws/install/hesai_ros_driver/lib/libhesai_ros_driver__rosidl_typesupport_cpp.so" to ""
Listing '/home/cita/ros2_practice/hesai_lidar_ws/install/hesai_ros_driver/local/lib/python3.10/dist-packages/hesai_ros_driver'...
Compiling '/home/cita/ros2_practice/hesai_lidar_ws/install/hesai_ros_driver/local/lib/python3.10/dist-packages/hesai_ros_driver/__init__.py'...
Listing '/home/cita/ros2_practice/hesai_lidar_ws/install/hesai_ros_driver/local/lib/python3.10/dist-packages/hesai_ros_driver/msg'...
Compiling '/home/cita/ros2_practice/hesai_lidar_ws/install/hesai_ros_driver/local/lib/python3.10/dist-packages/hesai_ros_driver/msg/__init__.py'...
Compiling '/home/cita/ros2_practice/hesai_lidar_ws/install/hesai_ros_driver/local/lib/python3.10/dist-packages/hesai_ros_driver/msg/_firetime.py'...
Compiling '/home/cita/ros2_practice/hesai_lidar_ws/install/hesai_ros_driver/local/lib/python3.10/dist-packages/hesai_ros_driver/msg/_loss_packet.py'...
Compiling '/home/cita/ros2_practice/hesai_lidar_ws/install/hesai_ros_driver/local/lib/python3.10/dist-packages/hesai_ros_driver/msg/_ptp.py'...
Compiling '/home/cita/ros2_practice/hesai_lidar_ws/install/hesai_ros_driver/local/lib/python3.10/dist-packages/hesai_ros_driver/msg/_udp_frame.py'...
Compiling '/home/cita/ros2_practice/hesai_lidar_ws/install/hesai_ros_driver/local/lib/python3.10/dist-packages/hesai_ros_driver/msg/_udp_packet.py'...
-- Installing: /home/cita/ros2_practice/hesai_lidar_ws/install/hesai_ros_driver/lib/libhesai_ros_driver__rosidl_generator_py.so
-- Set runtime path of "/home/cita/ros2_practice/hesai_lidar_ws/install/hesai_ros_driver/lib/libhesai_ros_driver__rosidl_generator_py.so" to ""
-- Installing: /home/cita/ros2_practice/hesai_lidar_ws/install/hesai_ros_driver/share/hesai_ros_driver/cmake/export_hesai_ros_driver__rosidl_generator_cExport.cmake
-- Installing: /home/cita/ros2_practice/hesai_lidar_ws/install/hesai_ros_driver/share/hesai_ros_driver/cmake/export_hesai_ros_driver__rosidl_generator_cExport-release.cmake
-- Installing: /home/cita/ros2_practice/hesai_lidar_ws/install/hesai_ros_driver/share/hesai_ros_driver/cmake/export_hesai_ros_driver__rosidl_typesupport_fastrtps_cExport.cmake
-- Installing: /home/cita/ros2_practice/hesai_lidar_ws/install/hesai_ros_driver/share/hesai_ros_driver/cmake/export_hesai_ros_driver__rosidl_typesupport_fastrtps_cExport-release.cmake
-- Installing: /home/cita/ros2_practice/hesai_lidar_ws/install/hesai_ros_driver/share/hesai_ros_driver/cmake/export_hesai_ros_driver__rosidl_generator_cppExport.cmake
-- Installing: /home/cita/ros2_practice/hesai_lidar_ws/install/hesai_ros_driver/share/hesai_ros_driver/cmake/export_hesai_ros_driver__rosidl_typesupport_fastrtps_cppExport.cmake
-- Installing: /home/cita/ros2_practice/hesai_lidar_ws/install/hesai_ros_driver/share/hesai_ros_driver/cmake/export_hesai_ros_driver__rosidl_typesupport_fastrtps_cppExport-release.cmake
-- Installing: /home/cita/ros2_practice/hesai_lidar_ws/install/hesai_ros_driver/share/hesai_ros_driver/cmake/hesai_ros_driver__rosidl_typesupport_introspection_cExport.cmake
-- Installing: /home/cita/ros2_practice/hesai_lidar_ws/install/hesai_ros_driver/share/hesai_ros_driver/cmake/hesai_ros_driver__rosidl_typesupport_introspection_cExport-release.cmake
-- Installing: /home/cita/ros2_practice/hesai_lidar_ws/install/hesai_ros_driver/share/hesai_ros_driver/cmake/hesai_ros_driver__rosidl_typesupport_cExport.cmake
-- Installing: /home/cita/ros2_practice/hesai_lidar_ws/install/hesai_ros_driver/share/hesai_ros_driver/cmake/hesai_ros_driver__rosidl_typesupport_cExport-release.cmake
-- Installing: /home/cita/ros2_practice/hesai_lidar_ws/install/hesai_ros_driver/share/hesai_ros_driver/cmake/hesai_ros_driver__rosidl_typesupport_introspection_cppExport.cmake
-- Installing: /home/cita/ros2_practice/hesai_lidar_ws/install/hesai_ros_driver/share/hesai_ros_driver/cmake/hesai_ros_driver__rosidl_typesupport_introspection_cppExport-release.cmake
-- Installing: /home/cita/ros2_practice/hesai_lidar_ws/install/hesai_ros_driver/share/hesai_ros_driver/cmake/hesai_ros_driver__rosidl_typesupport_cppExport.cmake
-- Installing: /home/cita/ros2_practice/hesai_lidar_ws/install/hesai_ros_driver/share/hesai_ros_driver/cmake/hesai_ros_driver__rosidl_typesupport_cppExport-release.cmake
-- Installing: /home/cita/ros2_practice/hesai_lidar_ws/install/hesai_ros_driver/share/hesai_ros_driver/cmake/export_hesai_ros_driver__rosidl_generator_pyExport.cmake
-- Installing: /home/cita/ros2_practice/hesai_lidar_ws/install/hesai_ros_driver/share/hesai_ros_driver/cmake/export_hesai_ros_driver__rosidl_generator_pyExport-release.cmake
