[0.006s] Invoking command in '/home/cita/ros2_practice/hesai_lidar_ws/build/hesai_ros_driver': CMAKE_PREFIX_PATH=/opt/ros/humble /usr/bin/cmake /home/cita/ros2_practice/hesai_lidar_ws -DAMENT_CMAKE_SYMLINK_INSTALL=1 -DCMAKE_INSTALL_PREFIX=/home/cita/ros2_practice/hesai_lidar_ws/install/hesai_ros_driver
[0.015s] -- cuda not found!
[0.015s] [0m=============================================================[0m
[0.015s] [0m-- ROS_VERSION is 2[0m
[0.016s] [0m=============================================================[0m
[0.078s] -- Override CMake install command with custom implementation using symlinks instead of copying resources
[0.093s] -- Found rosidl_generator_c: 3.1.6 (/opt/ros/humble/share/rosidl_generator_c/cmake)
[0.093s] -- Found rosidl_adapter: 3.1.6 (/opt/ros/humble/share/rosidl_adapter/cmake)
[0.096s] -- Found rosidl_generator_cpp: 3.1.6 (/opt/ros/humble/share/rosidl_generator_cpp/cmake)
[0.099s] -- Using all available rosidl_typesupport_c: rosidl_typesupport_fastrtps_c;rosidl_typesupport_introspection_c
[0.104s] -- Using all available rosidl_typesupport_cpp: rosidl_typesupport_fastrtps_cpp;rosidl_typesupport_introspection_cpp
[0.117s] -- Found rmw_implementation_cmake: 6.1.2 (/opt/ros/humble/share/rmw_implementation_cmake/cmake)
[0.118s] -- Found rmw_fastrtps_cpp: 6.2.7 (/opt/ros/humble/share/rmw_fastrtps_cpp/cmake)
[0.171s] -- Using RMW implementation 'rmw_fastrtps_cpp' as default
[0.193s] -- Found sensor_msgs: 4.9.0 (/opt/ros/humble/share/sensor_msgs/cmake)
[0.193s] [0m=============================================================[0m
[0.193s] [0m-- ROS2 Found. ROS2 Support is turned On.[0m
[0.193s] [0m=============================================================[0m
[0.205s] -- Found rclcpp_action: 16.0.12 (/opt/ros/humble/share/rclcpp_action/cmake)
[0.217s] -- Found rosidl_default_generators: 1.2.0 (/opt/ros/humble/share/rosidl_default_generators/cmake)
[0.385s] -- Found ament_cmake_ros: 0.10.0 (/opt/ros/humble/share/ament_cmake_ros/cmake)
[0.586s] -- Using all available rosidl_typesupport_c: rosidl_typesupport_fastrtps_c;rosidl_typesupport_introspection_c
[0.668s] -- Using all available rosidl_typesupport_cpp: rosidl_typesupport_fastrtps_cpp;rosidl_typesupport_introspection_cpp
[0.684s] -- Found python_cmake_module: 0.10.0 (/opt/ros/humble/share/python_cmake_module/cmake)
[0.700s] -- Using PYTHON_EXECUTABLE: /usr/bin/python3
[0.700s] -- Using PYTHON_INCLUDE_DIRS: /usr/include/python3.10
[0.701s] -- Using PYTHON_LIBRARIES: /usr/lib/x86_64-linux-gnu/libpython3.10.so
[0.731s] -- Configuring done
[0.755s] -- Generating done
[0.765s] -- Build files have been written to: /home/cita/ros2_practice/hesai_lidar_ws/build/hesai_ros_driver
[0.774s] Invoked command in '/home/cita/ros2_practice/hesai_lidar_ws/build/hesai_ros_driver' returned '0': CMAKE_PREFIX_PATH=/opt/ros/humble /usr/bin/cmake /home/cita/ros2_practice/hesai_lidar_ws -DAMENT_CMAKE_SYMLINK_INSTALL=1 -DCMAKE_INSTALL_PREFIX=/home/cita/ros2_practice/hesai_lidar_ws/install/hesai_ros_driver
[0.776s] Invoking command in '/home/cita/ros2_practice/hesai_lidar_ws/build/hesai_ros_driver': CMAKE_PREFIX_PATH=/opt/ros/humble /usr/bin/cmake --build /home/cita/ros2_practice/hesai_lidar_ws/build/hesai_ros_driver -- -j20 -l20
[0.807s] [  1%] [34m[1mGenerating C code for ROS interfaces[0m
[0.813s] [  2%] [34m[1mGenerating C++ code for ROS interfaces[0m
[0.815s] [  3%] [32mBuilding CXX object src/driver/HesaiLidar_SDK_2.0/libhesai/CMakeFiles/log_lib.dir/Logger/src/logger.cc.o[0m
[0.821s] [  3%] Built target ament_cmake_python_symlink_hesai_ros_driver
[0.940s] running egg_info
[0.941s] creating hesai_ros_driver.egg-info
[0.941s] writing hesai_ros_driver.egg-info/PKG-INFO
[0.941s] writing dependency_links to hesai_ros_driver.egg-info/dependency_links.txt
[0.941s] writing top-level names to hesai_ros_driver.egg-info/top_level.txt
[0.941s] writing manifest file 'hesai_ros_driver.egg-info/SOURCES.txt'
[0.941s] reading manifest file 'hesai_ros_driver.egg-info/SOURCES.txt'
[0.942s] writing manifest file 'hesai_ros_driver.egg-info/SOURCES.txt'
[0.967s] [  3%] Built target ament_cmake_python_build_hesai_ros_driver_egg
[1.059s] [  3%] Built target hesai_ros_driver__cpp
[1.065s] [  4%] [34m[1mGenerating C++ introspection for ROS interfaces[0m
[1.066s] [  6%] [34m[1mGenerating C++ type support for eProsima Fast-RTPS[0m
[1.066s] [  6%] [34m[1mGenerating C++ type support dispatch for ROS interfaces[0m
[1.071s] [  7%] [32mBuilding C object CMakeFiles/hesai_ros_driver__rosidl_generator_c.dir/rosidl_generator_c/hesai_ros_driver/msg/detail/udp_packet__functions.c.o[0m
[1.073s] [ 11%] [32mBuilding C object CMakeFiles/hesai_ros_driver__rosidl_generator_c.dir/rosidl_generator_c/hesai_ros_driver/msg/detail/ptp__functions.c.o[0m
[1.073s] [ 11%] [32mBuilding C object CMakeFiles/hesai_ros_driver__rosidl_generator_c.dir/rosidl_generator_c/hesai_ros_driver/msg/detail/udp_frame__functions.c.o[0m
[1.073s] [ 11%] [32mBuilding C object CMakeFiles/hesai_ros_driver__rosidl_generator_c.dir/rosidl_generator_c/hesai_ros_driver/msg/detail/firetime__functions.c.o[0m
[1.073s] [ 11%] [32mBuilding C object CMakeFiles/hesai_ros_driver__rosidl_generator_c.dir/rosidl_generator_c/hesai_ros_driver/msg/detail/loss_packet__functions.c.o[0m
[1.150s] [ 12%] [32m[1mLinking C shared library libhesai_ros_driver__rosidl_generator_c.so[0m
[1.151s] [ 13%] [32m[1mLinking CXX shared library liblog_lib.so[0m
[1.178s] [ 13%] Built target hesai_ros_driver__rosidl_generator_c
[1.186s] [ 17%] [34m[1mGenerating C type support dispatch for ROS interfaces[0m
[1.186s] [ 17%] [34m[1mGenerating C introspection for ROS interfaces[0m
[1.186s] [ 17%] [34m[1mGenerating C type support for eProsima Fast-RTPS[0m
[1.214s] [ 17%] Built target log_lib
[1.232s] [ 19%] [32mBuilding CXX object src/driver/HesaiLidar_SDK_2.0/libhesai/CMakeFiles/platutils_lib.dir/Common/src/plat_utils.cc.o[0m
[1.233s] [ 19%] [32mBuilding CXX object src/driver/HesaiLidar_SDK_2.0/libhesai/CMakeFiles/platutils_lib.dir/Common/src/auto_tick_count.cc.o[0m
[1.256s] [ 23%] [32mBuilding CXX object CMakeFiles/hesai_ros_driver__rosidl_typesupport_cpp.dir/rosidl_typesupport_cpp/hesai_ros_driver/msg/udp_frame__type_support.cpp.o[0m
[1.256s] [ 23%] [32mBuilding CXX object CMakeFiles/hesai_ros_driver__rosidl_typesupport_cpp.dir/rosidl_typesupport_cpp/hesai_ros_driver/msg/loss_packet__type_support.cpp.o[0m
[1.256s] [ 23%] [32mBuilding CXX object CMakeFiles/hesai_ros_driver__rosidl_typesupport_cpp.dir/rosidl_typesupport_cpp/hesai_ros_driver/msg/firetime__type_support.cpp.o[0m
[1.256s] [ 23%] [32mBuilding CXX object CMakeFiles/hesai_ros_driver__rosidl_typesupport_cpp.dir/rosidl_typesupport_cpp/hesai_ros_driver/msg/ptp__type_support.cpp.o[0m
[1.256s] [ 24%] [32mBuilding CXX object CMakeFiles/hesai_ros_driver__rosidl_typesupport_cpp.dir/rosidl_typesupport_cpp/hesai_ros_driver/msg/udp_packet__type_support.cpp.o[0m
[1.307s] [ 26%] [32mBuilding CXX object CMakeFiles/hesai_ros_driver__rosidl_typesupport_introspection_cpp.dir/rosidl_typesupport_introspection_cpp/hesai_ros_driver/msg/detail/udp_frame__type_support.cpp.o[0m
[1.307s] [ 26%] [32mBuilding CXX object CMakeFiles/hesai_ros_driver__rosidl_typesupport_introspection_cpp.dir/rosidl_typesupport_introspection_cpp/hesai_ros_driver/msg/detail/udp_packet__type_support.cpp.o[0m
[1.309s] [ 30%] [32mBuilding CXX object CMakeFiles/hesai_ros_driver__rosidl_typesupport_introspection_cpp.dir/rosidl_typesupport_introspection_cpp/hesai_ros_driver/msg/detail/loss_packet__type_support.cpp.o[0m
[1.309s] [ 30%] [32mBuilding CXX object CMakeFiles/hesai_ros_driver__rosidl_typesupport_introspection_cpp.dir/rosidl_typesupport_introspection_cpp/hesai_ros_driver/msg/detail/ptp__type_support.cpp.o[0m
[1.309s] [ 30%] [32mBuilding CXX object CMakeFiles/hesai_ros_driver__rosidl_typesupport_introspection_cpp.dir/rosidl_typesupport_introspection_cpp/hesai_ros_driver/msg/detail/firetime__type_support.cpp.o[0m
[1.320s] [ 31%] [32mBuilding CXX object CMakeFiles/hesai_ros_driver__rosidl_typesupport_fastrtps_cpp.dir/rosidl_typesupport_fastrtps_cpp/hesai_ros_driver/msg/detail/dds_fastrtps/udp_packet__type_support.cpp.o[0m
[1.321s] [ 32%] [32mBuilding CXX object CMakeFiles/hesai_ros_driver__rosidl_typesupport_fastrtps_cpp.dir/rosidl_typesupport_fastrtps_cpp/hesai_ros_driver/msg/detail/dds_fastrtps/firetime__type_support.cpp.o[0m
[1.321s] [ 34%] [32mBuilding CXX object CMakeFiles/hesai_ros_driver__rosidl_typesupport_fastrtps_cpp.dir/rosidl_typesupport_fastrtps_cpp/hesai_ros_driver/msg/detail/dds_fastrtps/ptp__type_support.cpp.o[0m
[1.322s] [ 34%] [32mBuilding CXX object CMakeFiles/hesai_ros_driver__rosidl_typesupport_fastrtps_cpp.dir/rosidl_typesupport_fastrtps_cpp/hesai_ros_driver/msg/detail/dds_fastrtps/loss_packet__type_support.cpp.o[0m
[1.322s] [ 35%] [32mBuilding CXX object CMakeFiles/hesai_ros_driver__rosidl_typesupport_fastrtps_cpp.dir/rosidl_typesupport_fastrtps_cpp/hesai_ros_driver/msg/detail/dds_fastrtps/udp_frame__type_support.cpp.o[0m
[1.566s] [ 36%] [32mBuilding C object CMakeFiles/hesai_ros_driver__rosidl_typesupport_introspection_c.dir/rosidl_typesupport_introspection_c/hesai_ros_driver/msg/detail/udp_packet__type_support.c.o[0m
[1.580s] [ 37%] [32mBuilding C object CMakeFiles/hesai_ros_driver__rosidl_typesupport_introspection_c.dir/rosidl_typesupport_introspection_c/hesai_ros_driver/msg/detail/udp_frame__type_support.c.o[0m
[1.590s] [ 38%] [32mBuilding C object CMakeFiles/hesai_ros_driver__rosidl_typesupport_introspection_c.dir/rosidl_typesupport_introspection_c/hesai_ros_driver/msg/detail/firetime__type_support.c.o[0m
[1.598s] [ 39%] [32mBuilding C object CMakeFiles/hesai_ros_driver__rosidl_typesupport_introspection_c.dir/rosidl_typesupport_introspection_c/hesai_ros_driver/msg/detail/ptp__type_support.c.o[0m
[1.603s] [ 40%] [32m[1mLinking CXX shared library libhesai_ros_driver__rosidl_typesupport_cpp.so[0m
[1.603s] [ 41%] [32mBuilding C object CMakeFiles/hesai_ros_driver__rosidl_typesupport_introspection_c.dir/rosidl_typesupport_introspection_c/hesai_ros_driver/msg/detail/loss_packet__type_support.c.o[0m
[1.622s] [ 43%] [32mBuilding CXX object CMakeFiles/hesai_ros_driver__rosidl_typesupport_fastrtps_c.dir/rosidl_typesupport_fastrtps_c/hesai_ros_driver/msg/detail/udp_packet__type_support_c.cpp.o[0m
[1.623s] [ 44%] [32mBuilding CXX object CMakeFiles/hesai_ros_driver__rosidl_typesupport_fastrtps_c.dir/rosidl_typesupport_fastrtps_c/hesai_ros_driver/msg/detail/udp_frame__type_support_c.cpp.o[0m
[1.640s] [ 45%] [32mBuilding CXX object CMakeFiles/hesai_ros_driver__rosidl_typesupport_c.dir/rosidl_typesupport_c/hesai_ros_driver/msg/udp_packet__type_support.cpp.o[0m
[1.648s] [ 47%] [32mBuilding CXX object CMakeFiles/hesai_ros_driver__rosidl_typesupport_c.dir/rosidl_typesupport_c/hesai_ros_driver/msg/udp_frame__type_support.cpp.o[0m
[1.648s] [ 48%] [32mBuilding CXX object CMakeFiles/hesai_ros_driver__rosidl_typesupport_fastrtps_c.dir/rosidl_typesupport_fastrtps_c/hesai_ros_driver/msg/detail/ptp__type_support_c.cpp.o[0m
[1.649s] [ 48%] [32mBuilding CXX object CMakeFiles/hesai_ros_driver__rosidl_typesupport_fastrtps_c.dir/rosidl_typesupport_fastrtps_c/hesai_ros_driver/msg/detail/firetime__type_support_c.cpp.o[0m
[1.653s] [ 49%] [32m[1mLinking C shared library libhesai_ros_driver__rosidl_typesupport_introspection_c.so[0m
[1.678s] [ 49%] Built target hesai_ros_driver__rosidl_typesupport_cpp
[1.682s] [ 50%] [32mBuilding CXX object CMakeFiles/hesai_ros_driver__rosidl_typesupport_c.dir/rosidl_typesupport_c/hesai_ros_driver/msg/firetime__type_support.cpp.o[0m
[1.683s] [ 51%] [32mBuilding CXX object CMakeFiles/hesai_ros_driver__rosidl_typesupport_fastrtps_c.dir/rosidl_typesupport_fastrtps_c/hesai_ros_driver/msg/detail/loss_packet__type_support_c.cpp.o[0m
[1.691s] [ 52%] [32mBuilding CXX object CMakeFiles/hesai_ros_driver__rosidl_typesupport_c.dir/rosidl_typesupport_c/hesai_ros_driver/msg/ptp__type_support.cpp.o[0m
[1.697s] [ 52%] Built target hesai_ros_driver__rosidl_typesupport_introspection_c
[1.707s] [ 53%] [32mBuilding CXX object CMakeFiles/hesai_ros_driver__rosidl_typesupport_c.dir/rosidl_typesupport_c/hesai_ros_driver/msg/loss_packet__type_support.cpp.o[0m
[1.742s] [ 54%] [32m[1mLinking CXX shared library libhesai_ros_driver__rosidl_typesupport_c.so[0m
[1.798s] [ 54%] Built target hesai_ros_driver__rosidl_typesupport_c
[1.839s] [ 55%] [32m[1mLinking CXX shared library libhesai_ros_driver__rosidl_typesupport_fastrtps_cpp.so[0m
[1.867s] [ 56%] [32m[1mLinking CXX shared library libhesai_ros_driver__rosidl_typesupport_introspection_cpp.so[0m
[1.894s] [ 56%] Built target hesai_ros_driver__rosidl_typesupport_fastrtps_cpp
[1.934s] [ 56%] Built target hesai_ros_driver__rosidl_typesupport_introspection_cpp
[1.946s] [ 58%] [32m[1mLinking CXX shared library libhesai_ros_driver__rosidl_typesupport_fastrtps_c.so[0m
[1.988s] [ 58%] Built target hesai_ros_driver__rosidl_typesupport_fastrtps_c
[1.994s] [ 59%] [32m[1mLinking CXX shared library libplatutils_lib.so[0m
[2.001s] [ 59%] Built target hesai_ros_driver
[2.016s] [ 60%] [34m[1mGenerating Python code for ROS interfaces[0m
[2.050s] [ 60%] Built target platutils_lib
[2.065s] [ 63%] [32mBuilding CXX object src/driver/HesaiLidar_SDK_2.0/libhesai/CMakeFiles/ptcClient_lib.dir/PtcParser/src/general_ptc_parser.cc.o[0m
[2.065s] [ 63%] [32mBuilding CXX object src/driver/HesaiLidar_SDK_2.0/libhesai/CMakeFiles/ptcClient_lib.dir/PtcClient/src/ptc_client.cc.o[0m
[2.065s] [ 63%] [32mBuilding CXX object src/driver/HesaiLidar_SDK_2.0/libhesai/CMakeFiles/ptcClient_lib.dir/PtcParser/ptc_parser.cc.o[0m
[2.065s] [ 64%] [32mBuilding CXX object src/driver/HesaiLidar_SDK_2.0/libhesai/CMakeFiles/source_lib.dir/Source/src/source.cc.o[0m
[2.066s] [ 68%] [32mBuilding CXX object src/driver/HesaiLidar_SDK_2.0/libhesai/CMakeFiles/ptcClient_lib.dir/PtcParser/src/ptc_1_0_parser.cc.o[0m
[2.066s] [ 68%] [32mBuilding CXX object src/driver/HesaiLidar_SDK_2.0/libhesai/CMakeFiles/udpParser_lib.dir/UdpParser/udp_parser.cc.o[0m
[2.066s] [ 68%] [32mBuilding CXX object src/driver/HesaiLidar_SDK_2.0/libhesai/CMakeFiles/ptcClient_lib.dir/PtcParser/src/ptc_2_0_parser.cc.o[0m
[2.066s] [ 68%] [32mBuilding CXX object src/driver/HesaiLidar_SDK_2.0/libhesai/CMakeFiles/ptcClient_lib.dir/PtcClient/src/tcp_client.cc.o[0m
[2.066s] [ 69%] [32mBuilding CXX object src/driver/HesaiLidar_SDK_2.0/libhesai/CMakeFiles/source_lib.dir/Source/src/serial_source.cc.o[0m
[2.066s] [ 72%] [32mBuilding CXX object src/driver/HesaiLidar_SDK_2.0/libhesai/CMakeFiles/source_lib.dir/Source/src/pcap_saver.cc.o[0m
[2.066s] [ 72%] [32mBuilding CXX object src/driver/HesaiLidar_SDK_2.0/libhesai/CMakeFiles/source_lib.dir/Source/src/socket_source.cc.o[0m
[2.066s] [ 73%] [32mBuilding CXX object src/driver/HesaiLidar_SDK_2.0/libhesai/CMakeFiles/source_lib.dir/Source/src/pcap_source.cc.o[0m
[2.067s] [ 74%] [32mBuilding CXX object src/driver/HesaiLidar_SDK_2.0/libhesai/CMakeFiles/ptcClient_lib.dir/PtcClient/src/tcp_ssl_client.cc.o[0m
[2.432s] [ 74%] Built target hesai_ros_driver__py
[2.448s] [ 76%] [32mBuilding C object CMakeFiles/hesai_ros_driver__rosidl_generator_py.dir/rosidl_generator_py/hesai_ros_driver/msg/_loss_packet_s.c.o[0m
[2.448s] [ 77%] [32mBuilding C object CMakeFiles/hesai_ros_driver__rosidl_generator_py.dir/rosidl_generator_py/hesai_ros_driver/msg/_udp_packet_s.c.o[0m
[2.449s] [ 78%] [32mBuilding C object CMakeFiles/hesai_ros_driver__rosidl_generator_py.dir/rosidl_generator_py/hesai_ros_driver/msg/_firetime_s.c.o[0m
[2.449s] [ 78%] [32mBuilding C object CMakeFiles/hesai_ros_driver__rosidl_generator_py.dir/rosidl_generator_py/hesai_ros_driver/msg/_udp_frame_s.c.o[0m
[2.452s] [ 79%] [32mBuilding C object CMakeFiles/hesai_ros_driver__rosidl_generator_py.dir/rosidl_generator_py/hesai_ros_driver/msg/_ptp_s.c.o[0m
[2.613s] [ 80%] [32m[1mLinking C shared library rosidl_generator_py/hesai_ros_driver/libhesai_ros_driver__rosidl_generator_py.so[0m
[2.640s] [ 81%] [32m[1mLinking CXX shared library libudpParser_lib.so[0m
[2.653s] [ 81%] Built target hesai_ros_driver__rosidl_generator_py
[2.671s] [ 84%] [32mBuilding C object CMakeFiles/hesai_ros_driver__rosidl_typesupport_c__pyext.dir/rosidl_generator_py/hesai_ros_driver/_hesai_ros_driver_s.ep.rosidl_typesupport_c.c.o[0m
[2.671s] [ 84%] [32mBuilding C object CMakeFiles/hesai_ros_driver__rosidl_typesupport_introspection_c__pyext.dir/rosidl_generator_py/hesai_ros_driver/_hesai_ros_driver_s.ep.rosidl_typesupport_introspection_c.c.o[0m
[2.671s] [ 84%] [32mBuilding C object CMakeFiles/hesai_ros_driver__rosidl_typesupport_fastrtps_c__pyext.dir/rosidl_generator_py/hesai_ros_driver/_hesai_ros_driver_s.ep.rosidl_typesupport_fastrtps_c.c.o[0m
[2.719s] [ 84%] Built target udpParser_lib
[2.780s] [ 86%] [32m[1mLinking C shared library rosidl_generator_py/hesai_ros_driver/hesai_ros_driver_s__rosidl_typesupport_introspection_c.cpython-310-x86_64-linux-gnu.so[0m
[2.793s] [ 87%] [32m[1mLinking C shared library rosidl_generator_py/hesai_ros_driver/hesai_ros_driver_s__rosidl_typesupport_c.cpython-310-x86_64-linux-gnu.so[0m
[2.799s] [ 88%] [32m[1mLinking C shared library rosidl_generator_py/hesai_ros_driver/hesai_ros_driver_s__rosidl_typesupport_fastrtps_c.cpython-310-x86_64-linux-gnu.so[0m
[2.808s] [ 88%] Built target hesai_ros_driver__rosidl_typesupport_introspection_c__pyext
[2.821s] [ 88%] Built target hesai_ros_driver__rosidl_typesupport_c__pyext
[2.825s] [ 88%] Built target hesai_ros_driver__rosidl_typesupport_fastrtps_c__pyext
[2.872s] [ 89%] [32m[1mLinking CXX shared library libsource_lib.so[0m
[2.925s] [ 89%] Built target source_lib
[2.941s] [ 90%] [32mBuilding CXX object src/driver/HesaiLidar_SDK_2.0/libhesai/CMakeFiles/serialClient_lib.dir/SerialClient/src/serial_client.cc.o[0m
[3.150s] [ 91%] [32m[1mLinking CXX shared library libptcClient_lib.so[0m
[3.214s] [ 91%] Built target ptcClient_lib
[3.314s] [ 92%] [32m[1mLinking CXX shared library libserialClient_lib.so[0m
[3.362s] [ 92%] Built target serialClient_lib
[3.377s] [ 93%] [32mBuilding CXX object src/driver/HesaiLidar_SDK_2.0/libhesai/CMakeFiles/lidar_lib.dir/Lidar/lidar.cc.o[0m
[3.759s] [ 94%] [32m[1mLinking CXX shared library liblidar_lib.so[0m
[3.803s] [ 94%] Built target lidar_lib
[3.819s] [ 95%] [32mBuilding CXX object src/driver/HesaiLidar_SDK_2.0/CMakeFiles/hesai_sdk_lib.dir/driver/hesai_lidar_sdk.cc.o[0m
[4.214s] [ 96%] [32m[1mLinking CXX shared library libhesai_sdk_lib.so[0m
[4.259s] [ 96%] Built target hesai_sdk_lib
[4.275s] [ 97%] [32mBuilding CXX object CMakeFiles/hesai_ros_driver_node.dir/node/hesai_ros_driver_node.cc.o[0m
[4.275s] [ 98%] [32mBuilding CXX object CMakeFiles/hesai_ros_driver_node.dir/src/manager/node_manager.cc.o[0m
[20.756s] [100%] [32m[1mLinking CXX executable hesai_ros_driver_node[0m
[20.936s] [100%] Built target hesai_ros_driver_node
[20.946s] Invoked command in '/home/cita/ros2_practice/hesai_lidar_ws/build/hesai_ros_driver' returned '0': CMAKE_PREFIX_PATH=/opt/ros/humble /usr/bin/cmake --build /home/cita/ros2_practice/hesai_lidar_ws/build/hesai_ros_driver -- -j20 -l20
[20.953s] Invoking command in '/home/cita/ros2_practice/hesai_lidar_ws/build/hesai_ros_driver': CMAKE_PREFIX_PATH=/opt/ros/humble /usr/bin/cmake --install /home/cita/ros2_practice/hesai_lidar_ws/build/hesai_ros_driver
[20.958s] -- Install configuration: "Release"
[20.958s] -- Execute custom install script
[20.958s] -- Symlinking: /home/cita/ros2_practice/hesai_lidar_ws/install/hesai_ros_driver/share/ament_index/resource_index/rosidl_interfaces/hesai_ros_driver
[20.964s] -- Symlinking: /home/cita/ros2_practice/hesai_lidar_ws/install/hesai_ros_driver/include/hesai_ros_driver/hesai_ros_driver/msg/detail/firetime__functions.h
[20.970s] -- Symlinking: /home/cita/ros2_practice/hesai_lidar_ws/install/hesai_ros_driver/include/hesai_ros_driver/hesai_ros_driver/msg/detail/firetime__struct.h
[20.975s] -- Symlinking: /home/cita/ros2_practice/hesai_lidar_ws/install/hesai_ros_driver/include/hesai_ros_driver/hesai_ros_driver/msg/detail/firetime__type_support.h
[20.980s] -- Symlinking: /home/cita/ros2_practice/hesai_lidar_ws/install/hesai_ros_driver/include/hesai_ros_driver/hesai_ros_driver/msg/detail/loss_packet__functions.h
[20.989s] -- Symlinking: /home/cita/ros2_practice/hesai_lidar_ws/install/hesai_ros_driver/include/hesai_ros_driver/hesai_ros_driver/msg/detail/loss_packet__struct.h
[20.995s] -- Symlinking: /home/cita/ros2_practice/hesai_lidar_ws/install/hesai_ros_driver/include/hesai_ros_driver/hesai_ros_driver/msg/detail/loss_packet__type_support.h
[21.001s] -- Symlinking: /home/cita/ros2_practice/hesai_lidar_ws/install/hesai_ros_driver/include/hesai_ros_driver/hesai_ros_driver/msg/detail/ptp__functions.h
[21.006s] -- Symlinking: /home/cita/ros2_practice/hesai_lidar_ws/install/hesai_ros_driver/include/hesai_ros_driver/hesai_ros_driver/msg/detail/ptp__struct.h
[21.012s] -- Symlinking: /home/cita/ros2_practice/hesai_lidar_ws/install/hesai_ros_driver/include/hesai_ros_driver/hesai_ros_driver/msg/detail/ptp__type_support.h
[21.017s] -- Symlinking: /home/cita/ros2_practice/hesai_lidar_ws/install/hesai_ros_driver/include/hesai_ros_driver/hesai_ros_driver/msg/detail/udp_frame__functions.h
[21.021s] -- Symlinking: /home/cita/ros2_practice/hesai_lidar_ws/install/hesai_ros_driver/include/hesai_ros_driver/hesai_ros_driver/msg/detail/udp_frame__struct.h
[21.027s] -- Symlinking: /home/cita/ros2_practice/hesai_lidar_ws/install/hesai_ros_driver/include/hesai_ros_driver/hesai_ros_driver/msg/detail/udp_frame__type_support.h
[21.031s] -- Symlinking: /home/cita/ros2_practice/hesai_lidar_ws/install/hesai_ros_driver/include/hesai_ros_driver/hesai_ros_driver/msg/detail/udp_packet__functions.h
[21.036s] -- Symlinking: /home/cita/ros2_practice/hesai_lidar_ws/install/hesai_ros_driver/include/hesai_ros_driver/hesai_ros_driver/msg/detail/udp_packet__struct.h
[21.042s] -- Symlinking: /home/cita/ros2_practice/hesai_lidar_ws/install/hesai_ros_driver/include/hesai_ros_driver/hesai_ros_driver/msg/detail/udp_packet__type_support.h
[21.046s] -- Symlinking: /home/cita/ros2_practice/hesai_lidar_ws/install/hesai_ros_driver/include/hesai_ros_driver/hesai_ros_driver/msg/firetime.h
[21.051s] -- Symlinking: /home/cita/ros2_practice/hesai_lidar_ws/install/hesai_ros_driver/include/hesai_ros_driver/hesai_ros_driver/msg/loss_packet.h
[21.056s] -- Symlinking: /home/cita/ros2_practice/hesai_lidar_ws/install/hesai_ros_driver/include/hesai_ros_driver/hesai_ros_driver/msg/ptp.h
[21.059s] -- Symlinking: /home/cita/ros2_practice/hesai_lidar_ws/install/hesai_ros_driver/include/hesai_ros_driver/hesai_ros_driver/msg/rosidl_generator_c__visibility_control.h
[21.065s] -- Symlinking: /home/cita/ros2_practice/hesai_lidar_ws/install/hesai_ros_driver/include/hesai_ros_driver/hesai_ros_driver/msg/udp_frame.h
[21.070s] -- Symlinking: /home/cita/ros2_practice/hesai_lidar_ws/install/hesai_ros_driver/include/hesai_ros_driver/hesai_ros_driver/msg/udp_packet.h
[21.075s] -- Symlinking: /home/cita/ros2_practice/hesai_lidar_ws/install/hesai_ros_driver/share/hesai_ros_driver/environment/library_path.sh
[21.078s] -- Symlinking: /home/cita/ros2_practice/hesai_lidar_ws/install/hesai_ros_driver/share/hesai_ros_driver/environment/library_path.dsv
[21.084s] -- Symlinking: /home/cita/ros2_practice/hesai_lidar_ws/install/hesai_ros_driver/include/hesai_ros_driver/hesai_ros_driver/msg/detail/firetime__rosidl_typesupport_fastrtps_c.h
[21.089s] -- Symlinking: /home/cita/ros2_practice/hesai_lidar_ws/install/hesai_ros_driver/include/hesai_ros_driver/hesai_ros_driver/msg/detail/loss_packet__rosidl_typesupport_fastrtps_c.h
[21.093s] -- Symlinking: /home/cita/ros2_practice/hesai_lidar_ws/install/hesai_ros_driver/include/hesai_ros_driver/hesai_ros_driver/msg/detail/ptp__rosidl_typesupport_fastrtps_c.h
[21.098s] -- Symlinking: /home/cita/ros2_practice/hesai_lidar_ws/install/hesai_ros_driver/include/hesai_ros_driver/hesai_ros_driver/msg/detail/udp_frame__rosidl_typesupport_fastrtps_c.h
[21.102s] -- Symlinking: /home/cita/ros2_practice/hesai_lidar_ws/install/hesai_ros_driver/include/hesai_ros_driver/hesai_ros_driver/msg/detail/udp_packet__rosidl_typesupport_fastrtps_c.h
[21.107s] -- Symlinking: /home/cita/ros2_practice/hesai_lidar_ws/install/hesai_ros_driver/include/hesai_ros_driver/hesai_ros_driver/msg/rosidl_typesupport_fastrtps_c__visibility_control.h
[21.112s] -- Symlinking: /home/cita/ros2_practice/hesai_lidar_ws/install/hesai_ros_driver/include/hesai_ros_driver/hesai_ros_driver/msg/detail/firetime__builder.hpp
[21.116s] -- Symlinking: /home/cita/ros2_practice/hesai_lidar_ws/install/hesai_ros_driver/include/hesai_ros_driver/hesai_ros_driver/msg/detail/firetime__struct.hpp
[21.120s] -- Symlinking: /home/cita/ros2_practice/hesai_lidar_ws/install/hesai_ros_driver/include/hesai_ros_driver/hesai_ros_driver/msg/detail/firetime__traits.hpp
[21.126s] -- Symlinking: /home/cita/ros2_practice/hesai_lidar_ws/install/hesai_ros_driver/include/hesai_ros_driver/hesai_ros_driver/msg/detail/firetime__type_support.hpp
[21.131s] -- Symlinking: /home/cita/ros2_practice/hesai_lidar_ws/install/hesai_ros_driver/include/hesai_ros_driver/hesai_ros_driver/msg/detail/loss_packet__builder.hpp
[21.135s] -- Symlinking: /home/cita/ros2_practice/hesai_lidar_ws/install/hesai_ros_driver/include/hesai_ros_driver/hesai_ros_driver/msg/detail/loss_packet__struct.hpp
[21.141s] -- Symlinking: /home/cita/ros2_practice/hesai_lidar_ws/install/hesai_ros_driver/include/hesai_ros_driver/hesai_ros_driver/msg/detail/loss_packet__traits.hpp
[21.147s] -- Symlinking: /home/cita/ros2_practice/hesai_lidar_ws/install/hesai_ros_driver/include/hesai_ros_driver/hesai_ros_driver/msg/detail/loss_packet__type_support.hpp
[21.152s] -- Symlinking: /home/cita/ros2_practice/hesai_lidar_ws/install/hesai_ros_driver/include/hesai_ros_driver/hesai_ros_driver/msg/detail/ptp__builder.hpp
[21.157s] -- Symlinking: /home/cita/ros2_practice/hesai_lidar_ws/install/hesai_ros_driver/include/hesai_ros_driver/hesai_ros_driver/msg/detail/ptp__struct.hpp
[21.162s] -- Symlinking: /home/cita/ros2_practice/hesai_lidar_ws/install/hesai_ros_driver/include/hesai_ros_driver/hesai_ros_driver/msg/detail/ptp__traits.hpp
[21.167s] -- Symlinking: /home/cita/ros2_practice/hesai_lidar_ws/install/hesai_ros_driver/include/hesai_ros_driver/hesai_ros_driver/msg/detail/ptp__type_support.hpp
[21.172s] -- Symlinking: /home/cita/ros2_practice/hesai_lidar_ws/install/hesai_ros_driver/include/hesai_ros_driver/hesai_ros_driver/msg/detail/udp_frame__builder.hpp
[21.177s] -- Symlinking: /home/cita/ros2_practice/hesai_lidar_ws/install/hesai_ros_driver/include/hesai_ros_driver/hesai_ros_driver/msg/detail/udp_frame__struct.hpp
[21.183s] -- Symlinking: /home/cita/ros2_practice/hesai_lidar_ws/install/hesai_ros_driver/include/hesai_ros_driver/hesai_ros_driver/msg/detail/udp_frame__traits.hpp
[21.189s] -- Symlinking: /home/cita/ros2_practice/hesai_lidar_ws/install/hesai_ros_driver/include/hesai_ros_driver/hesai_ros_driver/msg/detail/udp_frame__type_support.hpp
[21.195s] -- Symlinking: /home/cita/ros2_practice/hesai_lidar_ws/install/hesai_ros_driver/include/hesai_ros_driver/hesai_ros_driver/msg/detail/udp_packet__builder.hpp
[21.201s] -- Symlinking: /home/cita/ros2_practice/hesai_lidar_ws/install/hesai_ros_driver/include/hesai_ros_driver/hesai_ros_driver/msg/detail/udp_packet__struct.hpp
[21.206s] -- Symlinking: /home/cita/ros2_practice/hesai_lidar_ws/install/hesai_ros_driver/include/hesai_ros_driver/hesai_ros_driver/msg/detail/udp_packet__traits.hpp
[21.211s] -- Symlinking: /home/cita/ros2_practice/hesai_lidar_ws/install/hesai_ros_driver/include/hesai_ros_driver/hesai_ros_driver/msg/detail/udp_packet__type_support.hpp
[21.216s] -- Symlinking: /home/cita/ros2_practice/hesai_lidar_ws/install/hesai_ros_driver/include/hesai_ros_driver/hesai_ros_driver/msg/firetime.hpp
[21.221s] -- Symlinking: /home/cita/ros2_practice/hesai_lidar_ws/install/hesai_ros_driver/include/hesai_ros_driver/hesai_ros_driver/msg/loss_packet.hpp
[21.226s] -- Symlinking: /home/cita/ros2_practice/hesai_lidar_ws/install/hesai_ros_driver/include/hesai_ros_driver/hesai_ros_driver/msg/ptp.hpp
[21.231s] -- Symlinking: /home/cita/ros2_practice/hesai_lidar_ws/install/hesai_ros_driver/include/hesai_ros_driver/hesai_ros_driver/msg/rosidl_generator_cpp__visibility_control.hpp
[21.235s] -- Symlinking: /home/cita/ros2_practice/hesai_lidar_ws/install/hesai_ros_driver/include/hesai_ros_driver/hesai_ros_driver/msg/udp_frame.hpp
[21.241s] -- Symlinking: /home/cita/ros2_practice/hesai_lidar_ws/install/hesai_ros_driver/include/hesai_ros_driver/hesai_ros_driver/msg/udp_packet.hpp
[21.245s] -- Symlinking: /home/cita/ros2_practice/hesai_lidar_ws/install/hesai_ros_driver/include/hesai_ros_driver/hesai_ros_driver/msg/detail/firetime__rosidl_typesupport_fastrtps_cpp.hpp
[21.249s] -- Symlinking: /home/cita/ros2_practice/hesai_lidar_ws/install/hesai_ros_driver/include/hesai_ros_driver/hesai_ros_driver/msg/detail/loss_packet__rosidl_typesupport_fastrtps_cpp.hpp
[21.255s] -- Symlinking: /home/cita/ros2_practice/hesai_lidar_ws/install/hesai_ros_driver/include/hesai_ros_driver/hesai_ros_driver/msg/detail/ptp__rosidl_typesupport_fastrtps_cpp.hpp
[21.260s] -- Symlinking: /home/cita/ros2_practice/hesai_lidar_ws/install/hesai_ros_driver/include/hesai_ros_driver/hesai_ros_driver/msg/detail/udp_frame__rosidl_typesupport_fastrtps_cpp.hpp
[21.265s] -- Symlinking: /home/cita/ros2_practice/hesai_lidar_ws/install/hesai_ros_driver/include/hesai_ros_driver/hesai_ros_driver/msg/detail/udp_packet__rosidl_typesupport_fastrtps_cpp.hpp
[21.271s] -- Symlinking: /home/cita/ros2_practice/hesai_lidar_ws/install/hesai_ros_driver/include/hesai_ros_driver/hesai_ros_driver/msg/rosidl_typesupport_fastrtps_cpp__visibility_control.h
[21.275s] -- Symlinking: /home/cita/ros2_practice/hesai_lidar_ws/install/hesai_ros_driver/include/hesai_ros_driver/hesai_ros_driver/msg/detail/firetime__rosidl_typesupport_introspection_c.h
[21.281s] -- Symlinking: /home/cita/ros2_practice/hesai_lidar_ws/install/hesai_ros_driver/include/hesai_ros_driver/hesai_ros_driver/msg/detail/loss_packet__rosidl_typesupport_introspection_c.h
[21.287s] -- Symlinking: /home/cita/ros2_practice/hesai_lidar_ws/install/hesai_ros_driver/include/hesai_ros_driver/hesai_ros_driver/msg/detail/ptp__rosidl_typesupport_introspection_c.h
[21.294s] -- Symlinking: /home/cita/ros2_practice/hesai_lidar_ws/install/hesai_ros_driver/include/hesai_ros_driver/hesai_ros_driver/msg/detail/udp_frame__rosidl_typesupport_introspection_c.h
[21.300s] -- Symlinking: /home/cita/ros2_practice/hesai_lidar_ws/install/hesai_ros_driver/include/hesai_ros_driver/hesai_ros_driver/msg/detail/udp_packet__rosidl_typesupport_introspection_c.h
[21.305s] -- Symlinking: /home/cita/ros2_practice/hesai_lidar_ws/install/hesai_ros_driver/include/hesai_ros_driver/hesai_ros_driver/msg/rosidl_typesupport_introspection_c__visibility_control.h
[21.311s] -- Symlinking: /home/cita/ros2_practice/hesai_lidar_ws/install/hesai_ros_driver/include/hesai_ros_driver/hesai_ros_driver/msg/detail/firetime__rosidl_typesupport_introspection_cpp.hpp
[21.316s] -- Symlinking: /home/cita/ros2_practice/hesai_lidar_ws/install/hesai_ros_driver/include/hesai_ros_driver/hesai_ros_driver/msg/detail/loss_packet__rosidl_typesupport_introspection_cpp.hpp
[21.322s] -- Symlinking: /home/cita/ros2_practice/hesai_lidar_ws/install/hesai_ros_driver/include/hesai_ros_driver/hesai_ros_driver/msg/detail/ptp__rosidl_typesupport_introspection_cpp.hpp
[21.327s] -- Symlinking: /home/cita/ros2_practice/hesai_lidar_ws/install/hesai_ros_driver/include/hesai_ros_driver/hesai_ros_driver/msg/detail/udp_frame__rosidl_typesupport_introspection_cpp.hpp
[21.332s] -- Symlinking: /home/cita/ros2_practice/hesai_lidar_ws/install/hesai_ros_driver/include/hesai_ros_driver/hesai_ros_driver/msg/detail/udp_packet__rosidl_typesupport_introspection_cpp.hpp
[21.338s] -- Symlinking: /home/cita/ros2_practice/hesai_lidar_ws/install/hesai_ros_driver/share/hesai_ros_driver/environment/pythonpath.sh
[21.344s] -- Symlinking: /home/cita/ros2_practice/hesai_lidar_ws/install/hesai_ros_driver/share/hesai_ros_driver/environment/pythonpath.dsv
[21.349s] -- Symlinking: /home/cita/ros2_practice/hesai_lidar_ws/install/hesai_ros_driver/local/lib/python3.10/dist-packages/hesai_ros_driver-1.5.0-py3.10.egg-info/PKG-INFO
[21.354s] -- Symlinking: /home/cita/ros2_practice/hesai_lidar_ws/install/hesai_ros_driver/local/lib/python3.10/dist-packages/hesai_ros_driver-1.5.0-py3.10.egg-info/SOURCES.txt
[21.359s] -- Symlinking: /home/cita/ros2_practice/hesai_lidar_ws/install/hesai_ros_driver/local/lib/python3.10/dist-packages/hesai_ros_driver-1.5.0-py3.10.egg-info/dependency_links.txt
[21.363s] -- Symlinking: /home/cita/ros2_practice/hesai_lidar_ws/install/hesai_ros_driver/local/lib/python3.10/dist-packages/hesai_ros_driver-1.5.0-py3.10.egg-info/top_level.txt
[21.369s] -- Symlinking: /home/cita/ros2_practice/hesai_lidar_ws/install/hesai_ros_driver/local/lib/python3.10/dist-packages/hesai_ros_driver/__init__.py
[21.375s] -- Symlinking: /home/cita/ros2_practice/hesai_lidar_ws/install/hesai_ros_driver/local/lib/python3.10/dist-packages/hesai_ros_driver/_hesai_ros_driver_s.ep.rosidl_typesupport_c.c
[21.379s] -- Symlinking: /home/cita/ros2_practice/hesai_lidar_ws/install/hesai_ros_driver/local/lib/python3.10/dist-packages/hesai_ros_driver/_hesai_ros_driver_s.ep.rosidl_typesupport_fastrtps_c.c
[21.386s] -- Symlinking: /home/cita/ros2_practice/hesai_lidar_ws/install/hesai_ros_driver/local/lib/python3.10/dist-packages/hesai_ros_driver/_hesai_ros_driver_s.ep.rosidl_typesupport_introspection_c.c
[21.392s] -- Symlinking: /home/cita/ros2_practice/hesai_lidar_ws/install/hesai_ros_driver/local/lib/python3.10/dist-packages/hesai_ros_driver/hesai_ros_driver_s__rosidl_typesupport_c.cpython-310-x86_64-linux-gnu.so
[21.398s] -- Symlinking: /home/cita/ros2_practice/hesai_lidar_ws/install/hesai_ros_driver/local/lib/python3.10/dist-packages/hesai_ros_driver/hesai_ros_driver_s__rosidl_typesupport_fastrtps_c.cpython-310-x86_64-linux-gnu.so
[21.406s] -- Symlinking: /home/cita/ros2_practice/hesai_lidar_ws/install/hesai_ros_driver/local/lib/python3.10/dist-packages/hesai_ros_driver/hesai_ros_driver_s__rosidl_typesupport_introspection_c.cpython-310-x86_64-linux-gnu.so
[21.412s] -- Symlinking: /home/cita/ros2_practice/hesai_lidar_ws/install/hesai_ros_driver/local/lib/python3.10/dist-packages/hesai_ros_driver/libhesai_ros_driver__rosidl_generator_py.so
[21.418s] -- Symlinking: /home/cita/ros2_practice/hesai_lidar_ws/install/hesai_ros_driver/local/lib/python3.10/dist-packages/hesai_ros_driver/msg/__init__.py
[21.424s] -- Symlinking: /home/cita/ros2_practice/hesai_lidar_ws/install/hesai_ros_driver/local/lib/python3.10/dist-packages/hesai_ros_driver/msg/_firetime.py
[21.429s] -- Symlinking: /home/cita/ros2_practice/hesai_lidar_ws/install/hesai_ros_driver/local/lib/python3.10/dist-packages/hesai_ros_driver/msg/_firetime_s.c
[21.434s] -- Symlinking: /home/cita/ros2_practice/hesai_lidar_ws/install/hesai_ros_driver/local/lib/python3.10/dist-packages/hesai_ros_driver/msg/_loss_packet.py
[21.440s] -- Symlinking: /home/cita/ros2_practice/hesai_lidar_ws/install/hesai_ros_driver/local/lib/python3.10/dist-packages/hesai_ros_driver/msg/_loss_packet_s.c
[21.447s] -- Symlinking: /home/cita/ros2_practice/hesai_lidar_ws/install/hesai_ros_driver/local/lib/python3.10/dist-packages/hesai_ros_driver/msg/_ptp.py
[21.452s] -- Symlinking: /home/cita/ros2_practice/hesai_lidar_ws/install/hesai_ros_driver/local/lib/python3.10/dist-packages/hesai_ros_driver/msg/_ptp_s.c
[21.459s] -- Symlinking: /home/cita/ros2_practice/hesai_lidar_ws/install/hesai_ros_driver/local/lib/python3.10/dist-packages/hesai_ros_driver/msg/_udp_frame.py
[21.466s] -- Symlinking: /home/cita/ros2_practice/hesai_lidar_ws/install/hesai_ros_driver/local/lib/python3.10/dist-packages/hesai_ros_driver/msg/_udp_frame_s.c
[21.472s] -- Symlinking: /home/cita/ros2_practice/hesai_lidar_ws/install/hesai_ros_driver/local/lib/python3.10/dist-packages/hesai_ros_driver/msg/_udp_packet.py
[21.477s] -- Symlinking: /home/cita/ros2_practice/hesai_lidar_ws/install/hesai_ros_driver/local/lib/python3.10/dist-packages/hesai_ros_driver/msg/_udp_packet_s.c
[21.483s] -- Up-to-date symlink: /home/cita/ros2_practice/hesai_lidar_ws/install/hesai_ros_driver/local/lib/python3.10/dist-packages/hesai_ros_driver/hesai_ros_driver_s__rosidl_typesupport_fastrtps_c.cpython-310-x86_64-linux-gnu.so
[21.484s] -- Up-to-date symlink: /home/cita/ros2_practice/hesai_lidar_ws/install/hesai_ros_driver/local/lib/python3.10/dist-packages/hesai_ros_driver/hesai_ros_driver_s__rosidl_typesupport_introspection_c.cpython-310-x86_64-linux-gnu.so
[21.484s] -- Up-to-date symlink: /home/cita/ros2_practice/hesai_lidar_ws/install/hesai_ros_driver/local/lib/python3.10/dist-packages/hesai_ros_driver/hesai_ros_driver_s__rosidl_typesupport_c.cpython-310-x86_64-linux-gnu.so
[21.484s] -- Symlinking: /home/cita/ros2_practice/hesai_lidar_ws/install/hesai_ros_driver/share/hesai_ros_driver/msg/UdpPacket.idl
[21.491s] -- Symlinking: /home/cita/ros2_practice/hesai_lidar_ws/install/hesai_ros_driver/share/hesai_ros_driver/msg/UdpFrame.idl
[21.495s] -- Symlinking: /home/cita/ros2_practice/hesai_lidar_ws/install/hesai_ros_driver/share/hesai_ros_driver/msg/Firetime.idl
[21.502s] -- Symlinking: /home/cita/ros2_practice/hesai_lidar_ws/install/hesai_ros_driver/share/hesai_ros_driver/msg/Ptp.idl
[21.507s] -- Symlinking: /home/cita/ros2_practice/hesai_lidar_ws/install/hesai_ros_driver/share/hesai_ros_driver/msg/LossPacket.idl
[21.513s] -- Symlinking: /home/cita/ros2_practice/hesai_lidar_ws/install/hesai_ros_driver/share/hesai_ros_driver/msg_ros2/UdpPacket.msg
[21.519s] -- Symlinking: /home/cita/ros2_practice/hesai_lidar_ws/install/hesai_ros_driver/share/hesai_ros_driver/msg_ros2/UdpFrame.msg
[21.525s] -- Symlinking: /home/cita/ros2_practice/hesai_lidar_ws/install/hesai_ros_driver/share/hesai_ros_driver/msg_ros2/Firetime.msg
[21.531s] -- Symlinking: /home/cita/ros2_practice/hesai_lidar_ws/install/hesai_ros_driver/share/hesai_ros_driver/msg_ros2/Ptp.msg
[21.536s] -- Symlinking: /home/cita/ros2_practice/hesai_lidar_ws/install/hesai_ros_driver/share/hesai_ros_driver/msg_ros2/LossPacket.msg
[21.543s] -- Symlinking: /home/cita/ros2_practice/hesai_lidar_ws/install/hesai_ros_driver/lib/hesai_ros_driver/hesai_ros_driver_node
[21.550s] -- Symlinking: /home/cita/ros2_practice/hesai_lidar_ws/install/hesai_ros_driver/lib/libhesai_sdk_lib.so
[21.554s] -- Symlinking: /home/cita/ros2_practice/hesai_lidar_ws/install/hesai_ros_driver/lib/liblog_lib.so
[21.561s] -- Symlinking: /home/cita/ros2_practice/hesai_lidar_ws/install/hesai_ros_driver/lib/liblidar_lib.so
[21.567s] -- Symlinking: /home/cita/ros2_practice/hesai_lidar_ws/install/hesai_ros_driver/share/hesai_ros_driver/launch/dashing_start.py
[21.573s] -- Symlinking: /home/cita/ros2_practice/hesai_lidar_ws/install/hesai_ros_driver/share/hesai_ros_driver/launch/start.launch
[21.580s] -- Symlinking: /home/cita/ros2_practice/hesai_lidar_ws/install/hesai_ros_driver/share/hesai_ros_driver/launch/start.py
[21.587s] -- Symlinking: /home/cita/ros2_practice/hesai_lidar_ws/install/hesai_ros_driver/share/hesai_ros_driver/rviz/rviz.rviz
[21.592s] -- Symlinking: /home/cita/ros2_practice/hesai_lidar_ws/install/hesai_ros_driver/share/hesai_ros_driver/rviz/rviz2.rviz
[21.598s] -- Symlinking: /home/cita/ros2_practice/hesai_lidar_ws/install/hesai_ros_driver/share/ament_index/resource_index/package_run_dependencies/hesai_ros_driver
[21.604s] -- Symlinking: /home/cita/ros2_practice/hesai_lidar_ws/install/hesai_ros_driver/share/ament_index/resource_index/parent_prefix_path/hesai_ros_driver
[21.610s] -- Symlinking: /home/cita/ros2_practice/hesai_lidar_ws/install/hesai_ros_driver/share/hesai_ros_driver/environment/ament_prefix_path.sh
[21.616s] -- Symlinking: /home/cita/ros2_practice/hesai_lidar_ws/install/hesai_ros_driver/share/hesai_ros_driver/environment/ament_prefix_path.dsv
[21.621s] -- Symlinking: /home/cita/ros2_practice/hesai_lidar_ws/install/hesai_ros_driver/share/hesai_ros_driver/environment/path.sh
[21.627s] -- Symlinking: /home/cita/ros2_practice/hesai_lidar_ws/install/hesai_ros_driver/share/hesai_ros_driver/environment/path.dsv
[21.633s] -- Symlinking: /home/cita/ros2_practice/hesai_lidar_ws/install/hesai_ros_driver/share/hesai_ros_driver/local_setup.bash
[21.638s] -- Symlinking: /home/cita/ros2_practice/hesai_lidar_ws/install/hesai_ros_driver/share/hesai_ros_driver/local_setup.sh
[21.645s] -- Symlinking: /home/cita/ros2_practice/hesai_lidar_ws/install/hesai_ros_driver/share/hesai_ros_driver/local_setup.zsh
[21.649s] -- Symlinking: /home/cita/ros2_practice/hesai_lidar_ws/install/hesai_ros_driver/share/hesai_ros_driver/local_setup.dsv
[21.655s] -- Symlinking: /home/cita/ros2_practice/hesai_lidar_ws/install/hesai_ros_driver/share/hesai_ros_driver/package.dsv
[21.659s] -- Symlinking: /home/cita/ros2_practice/hesai_lidar_ws/install/hesai_ros_driver/share/ament_index/resource_index/packages/hesai_ros_driver
[21.666s] -- Symlinking: /home/cita/ros2_practice/hesai_lidar_ws/install/hesai_ros_driver/share/hesai_ros_driver/cmake/rosidl_cmake-extras.cmake
[21.672s] -- Symlinking: /home/cita/ros2_practice/hesai_lidar_ws/install/hesai_ros_driver/share/hesai_ros_driver/cmake/ament_cmake_export_dependencies-extras.cmake
[21.677s] -- Symlinking: /home/cita/ros2_practice/hesai_lidar_ws/install/hesai_ros_driver/share/hesai_ros_driver/cmake/ament_cmake_export_include_directories-extras.cmake
[21.684s] -- Symlinking: /home/cita/ros2_practice/hesai_lidar_ws/install/hesai_ros_driver/share/hesai_ros_driver/cmake/ament_cmake_export_libraries-extras.cmake
[21.690s] -- Symlinking: /home/cita/ros2_practice/hesai_lidar_ws/install/hesai_ros_driver/share/hesai_ros_driver/cmake/ament_cmake_export_targets-extras.cmake
[21.696s] -- Symlinking: /home/cita/ros2_practice/hesai_lidar_ws/install/hesai_ros_driver/share/hesai_ros_driver/cmake/rosidl_cmake_export_typesupport_targets-extras.cmake
[21.701s] -- Symlinking: /home/cita/ros2_practice/hesai_lidar_ws/install/hesai_ros_driver/share/hesai_ros_driver/cmake/rosidl_cmake_export_typesupport_libraries-extras.cmake
[21.707s] -- Symlinking: /home/cita/ros2_practice/hesai_lidar_ws/install/hesai_ros_driver/share/hesai_ros_driver/cmake/hesai_ros_driverConfig.cmake
[21.712s] -- Symlinking: /home/cita/ros2_practice/hesai_lidar_ws/install/hesai_ros_driver/share/hesai_ros_driver/cmake/hesai_ros_driverConfig-version.cmake
[21.717s] -- Symlinking: /home/cita/ros2_practice/hesai_lidar_ws/install/hesai_ros_driver/share/hesai_ros_driver/package.xml
[21.722s] -- Installing: /home/cita/ros2_practice/hesai_lidar_ws/install/hesai_ros_driver/lib/libhesai_ros_driver__rosidl_generator_c.so
[21.723s] -- Set runtime path of "/home/cita/ros2_practice/hesai_lidar_ws/install/hesai_ros_driver/lib/libhesai_ros_driver__rosidl_generator_c.so" to ""
[21.723s] -- Installing: /home/cita/ros2_practice/hesai_lidar_ws/install/hesai_ros_driver/lib/libhesai_ros_driver__rosidl_typesupport_fastrtps_c.so
[21.723s] -- Set runtime path of "/home/cita/ros2_practice/hesai_lidar_ws/install/hesai_ros_driver/lib/libhesai_ros_driver__rosidl_typesupport_fastrtps_c.so" to ""
[21.723s] -- Installing: /home/cita/ros2_practice/hesai_lidar_ws/install/hesai_ros_driver/lib/libhesai_ros_driver__rosidl_typesupport_fastrtps_cpp.so
[21.723s] -- Set runtime path of "/home/cita/ros2_practice/hesai_lidar_ws/install/hesai_ros_driver/lib/libhesai_ros_driver__rosidl_typesupport_fastrtps_cpp.so" to ""
[21.723s] -- Installing: /home/cita/ros2_practice/hesai_lidar_ws/install/hesai_ros_driver/lib/libhesai_ros_driver__rosidl_typesupport_introspection_c.so
[21.723s] -- Set runtime path of "/home/cita/ros2_practice/hesai_lidar_ws/install/hesai_ros_driver/lib/libhesai_ros_driver__rosidl_typesupport_introspection_c.so" to ""
[21.723s] -- Installing: /home/cita/ros2_practice/hesai_lidar_ws/install/hesai_ros_driver/lib/libhesai_ros_driver__rosidl_typesupport_c.so
[21.723s] -- Set runtime path of "/home/cita/ros2_practice/hesai_lidar_ws/install/hesai_ros_driver/lib/libhesai_ros_driver__rosidl_typesupport_c.so" to ""
[21.723s] -- Installing: /home/cita/ros2_practice/hesai_lidar_ws/install/hesai_ros_driver/lib/libhesai_ros_driver__rosidl_typesupport_introspection_cpp.so
[21.724s] -- Set runtime path of "/home/cita/ros2_practice/hesai_lidar_ws/install/hesai_ros_driver/lib/libhesai_ros_driver__rosidl_typesupport_introspection_cpp.so" to ""
[21.724s] -- Installing: /home/cita/ros2_practice/hesai_lidar_ws/install/hesai_ros_driver/lib/libhesai_ros_driver__rosidl_typesupport_cpp.so
[21.724s] -- Set runtime path of "/home/cita/ros2_practice/hesai_lidar_ws/install/hesai_ros_driver/lib/libhesai_ros_driver__rosidl_typesupport_cpp.so" to ""
[21.743s] Listing '/home/cita/ros2_practice/hesai_lidar_ws/install/hesai_ros_driver/local/lib/python3.10/dist-packages/hesai_ros_driver'...
[21.743s] Compiling '/home/cita/ros2_practice/hesai_lidar_ws/install/hesai_ros_driver/local/lib/python3.10/dist-packages/hesai_ros_driver/__init__.py'...
[21.743s] Listing '/home/cita/ros2_practice/hesai_lidar_ws/install/hesai_ros_driver/local/lib/python3.10/dist-packages/hesai_ros_driver/msg'...
[21.743s] Compiling '/home/cita/ros2_practice/hesai_lidar_ws/install/hesai_ros_driver/local/lib/python3.10/dist-packages/hesai_ros_driver/msg/__init__.py'...
[21.743s] Compiling '/home/cita/ros2_practice/hesai_lidar_ws/install/hesai_ros_driver/local/lib/python3.10/dist-packages/hesai_ros_driver/msg/_firetime.py'...
[21.743s] Compiling '/home/cita/ros2_practice/hesai_lidar_ws/install/hesai_ros_driver/local/lib/python3.10/dist-packages/hesai_ros_driver/msg/_loss_packet.py'...
[21.743s] Compiling '/home/cita/ros2_practice/hesai_lidar_ws/install/hesai_ros_driver/local/lib/python3.10/dist-packages/hesai_ros_driver/msg/_ptp.py'...
[21.743s] Compiling '/home/cita/ros2_practice/hesai_lidar_ws/install/hesai_ros_driver/local/lib/python3.10/dist-packages/hesai_ros_driver/msg/_udp_frame.py'...
[21.743s] Compiling '/home/cita/ros2_practice/hesai_lidar_ws/install/hesai_ros_driver/local/lib/python3.10/dist-packages/hesai_ros_driver/msg/_udp_packet.py'...
[21.746s] -- Installing: /home/cita/ros2_practice/hesai_lidar_ws/install/hesai_ros_driver/lib/libhesai_ros_driver__rosidl_generator_py.so
[21.746s] -- Set runtime path of "/home/cita/ros2_practice/hesai_lidar_ws/install/hesai_ros_driver/lib/libhesai_ros_driver__rosidl_generator_py.so" to ""
[21.747s] -- Installing: /home/cita/ros2_practice/hesai_lidar_ws/install/hesai_ros_driver/share/hesai_ros_driver/cmake/export_hesai_ros_driver__rosidl_generator_cExport.cmake
[21.747s] -- Installing: /home/cita/ros2_practice/hesai_lidar_ws/install/hesai_ros_driver/share/hesai_ros_driver/cmake/export_hesai_ros_driver__rosidl_generator_cExport-release.cmake
[21.747s] -- Installing: /home/cita/ros2_practice/hesai_lidar_ws/install/hesai_ros_driver/share/hesai_ros_driver/cmake/export_hesai_ros_driver__rosidl_typesupport_fastrtps_cExport.cmake
[21.747s] -- Installing: /home/cita/ros2_practice/hesai_lidar_ws/install/hesai_ros_driver/share/hesai_ros_driver/cmake/export_hesai_ros_driver__rosidl_typesupport_fastrtps_cExport-release.cmake
[21.747s] -- Installing: /home/cita/ros2_practice/hesai_lidar_ws/install/hesai_ros_driver/share/hesai_ros_driver/cmake/export_hesai_ros_driver__rosidl_generator_cppExport.cmake
[21.747s] -- Installing: /home/cita/ros2_practice/hesai_lidar_ws/install/hesai_ros_driver/share/hesai_ros_driver/cmake/export_hesai_ros_driver__rosidl_typesupport_fastrtps_cppExport.cmake
[21.747s] -- Installing: /home/cita/ros2_practice/hesai_lidar_ws/install/hesai_ros_driver/share/hesai_ros_driver/cmake/export_hesai_ros_driver__rosidl_typesupport_fastrtps_cppExport-release.cmake
[21.747s] -- Installing: /home/cita/ros2_practice/hesai_lidar_ws/install/hesai_ros_driver/share/hesai_ros_driver/cmake/hesai_ros_driver__rosidl_typesupport_introspection_cExport.cmake
[21.747s] -- Installing: /home/cita/ros2_practice/hesai_lidar_ws/install/hesai_ros_driver/share/hesai_ros_driver/cmake/hesai_ros_driver__rosidl_typesupport_introspection_cExport-release.cmake
[21.747s] -- Installing: /home/cita/ros2_practice/hesai_lidar_ws/install/hesai_ros_driver/share/hesai_ros_driver/cmake/hesai_ros_driver__rosidl_typesupport_cExport.cmake
[21.747s] -- Installing: /home/cita/ros2_practice/hesai_lidar_ws/install/hesai_ros_driver/share/hesai_ros_driver/cmake/hesai_ros_driver__rosidl_typesupport_cExport-release.cmake
[21.747s] -- Installing: /home/cita/ros2_practice/hesai_lidar_ws/install/hesai_ros_driver/share/hesai_ros_driver/cmake/hesai_ros_driver__rosidl_typesupport_introspection_cppExport.cmake
[21.747s] -- Installing: /home/cita/ros2_practice/hesai_lidar_ws/install/hesai_ros_driver/share/hesai_ros_driver/cmake/hesai_ros_driver__rosidl_typesupport_introspection_cppExport-release.cmake
[21.747s] -- Installing: /home/cita/ros2_practice/hesai_lidar_ws/install/hesai_ros_driver/share/hesai_ros_driver/cmake/hesai_ros_driver__rosidl_typesupport_cppExport.cmake
[21.747s] -- Installing: /home/cita/ros2_practice/hesai_lidar_ws/install/hesai_ros_driver/share/hesai_ros_driver/cmake/hesai_ros_driver__rosidl_typesupport_cppExport-release.cmake
[21.747s] -- Installing: /home/cita/ros2_practice/hesai_lidar_ws/install/hesai_ros_driver/share/hesai_ros_driver/cmake/export_hesai_ros_driver__rosidl_generator_pyExport.cmake
[21.747s] -- Installing: /home/cita/ros2_practice/hesai_lidar_ws/install/hesai_ros_driver/share/hesai_ros_driver/cmake/export_hesai_ros_driver__rosidl_generator_pyExport-release.cmake
[21.749s] Invoked command in '/home/cita/ros2_practice/hesai_lidar_ws/build/hesai_ros_driver' returned '0': CMAKE_PREFIX_PATH=/opt/ros/humble /usr/bin/cmake --install /home/cita/ros2_practice/hesai_lidar_ws/build/hesai_ros_driver
