[0.008s] Invoking command in '/home/cita/ros2_practice/hesai_lidar_ws/build/hesai_ros_driver': CMAKE_PREFIX_PATH=/opt/ros/humble /usr/bin/cmake /home/cita/ros2_practice/hesai_lidar_ws -DCMAKE_INSTALL_PREFIX=/home/cita/ros2_practice/hesai_lidar_ws/install/hesai_ros_driver
[0.017s] -- cuda not found!
[0.017s] [0m=============================================================[0m
[0.017s] [0m-- ROS_VERSION is 2[0m
[0.018s] [0m=============================================================[0m
[0.084s] -- Override CMake install command with custom implementation using symlinks instead of copying resources
[0.104s] -- Found rosidl_generator_c: 3.1.6 (/opt/ros/humble/share/rosidl_generator_c/cmake)
[0.105s] -- Found rosidl_adapter: 3.1.6 (/opt/ros/humble/share/rosidl_adapter/cmake)
[0.109s] -- Found rosidl_generator_cpp: 3.1.6 (/opt/ros/humble/share/rosidl_generator_cpp/cmake)
[0.114s] -- Using all available rosidl_typesupport_c: rosidl_typesupport_fastrtps_c;rosidl_typesupport_introspection_c
[0.119s] -- Using all available rosidl_typesupport_cpp: rosidl_typesupport_fastrtps_cpp;rosidl_typesupport_introspection_cpp
[0.131s] -- Found rmw_implementation_cmake: 6.1.2 (/opt/ros/humble/share/rmw_implementation_cmake/cmake)
[0.131s] -- Found rmw_fastrtps_cpp: 6.2.7 (/opt/ros/humble/share/rmw_fastrtps_cpp/cmake)
[0.196s] -- Using RMW implementation 'rmw_fastrtps_cpp' as default
[0.218s] [0m=============================================================[0m
[0.218s] [0m-- ROS2 Found. ROS2 Support is turned On.[0m
[0.218s] [0m=============================================================[0m
[0.218s] -- Found sensor_msgs: 4.9.0 (/opt/ros/humble/share/sensor_msgs/cmake)
[0.230s] -- Found rclcpp_action: 16.0.12 (/opt/ros/humble/share/rclcpp_action/cmake)
[0.242s] -- Found rosidl_default_generators: 1.2.0 (/opt/ros/humble/share/rosidl_default_generators/cmake)
[0.426s] -- Found ament_cmake_ros: 0.10.0 (/opt/ros/humble/share/ament_cmake_ros/cmake)
[0.639s] -- Using all available rosidl_typesupport_c: rosidl_typesupport_fastrtps_c;rosidl_typesupport_introspection_c
[0.733s] -- Using all available rosidl_typesupport_cpp: rosidl_typesupport_fastrtps_cpp;rosidl_typesupport_introspection_cpp
[0.750s] -- Found python_cmake_module: 0.10.0 (/opt/ros/humble/share/python_cmake_module/cmake)
[0.762s] -- Using PYTHON_EXECUTABLE: /usr/bin/python3
[0.762s] -- Using PYTHON_INCLUDE_DIRS: /usr/include/python3.10
[0.762s] -- Using PYTHON_LIBRARIES: /usr/lib/x86_64-linux-gnu/libpython3.10.so
[0.775s] [31mCMake Error at CMakeLists.txt:166 (add_subdirectory):
[0.775s]   The source directory
[0.775s] 
[0.775s]     /home/cita/ros2_practice/hesai_lidar_ws/src/driver/HesaiLidar_SDK_2.0
[0.775s] 
[0.776s]   does not contain a CMakeLists.txt file.
[0.776s] 
[0.776s] [0m
[0.780s] [31mCMake Error at /opt/ros/humble/share/ament_cmake_core/cmake/symlink_install/ament_cmake_symlink_install_targets.cmake:67 (message):
[0.780s]   ament_cmake_symlink_install_targets() 'hesai_sdk_lib' is not a target
[0.780s] Call Stack (most recent call first):
[0.780s]   /opt/ros/humble/share/ament_cmake_core/cmake/symlink_install/install.cmake:37 (ament_cmake_symlink_install_targets)
[0.780s]   CMakeLists.txt:246 (install)
[0.780s] 
[0.780s] [0m
[0.780s] -- Configuring incomplete, errors occurred!
[0.780s] See also "/home/cita/ros2_practice/hesai_lidar_ws/build/hesai_ros_driver/CMakeFiles/CMakeOutput.log".
[0.786s] Invoked command in '/home/cita/ros2_practice/hesai_lidar_ws/build/hesai_ros_driver' returned '1': CMAKE_PREFIX_PATH=/opt/ros/humble /usr/bin/cmake /home/cita/ros2_practice/hesai_lidar_ws -DCMAKE_INSTALL_PREFIX=/home/cita/ros2_practice/hesai_lidar_ws/install/hesai_ros_driver
